<?xml version="1.0" encoding="UTF-8"?>
<testsuite xmlns:xsi="http://www.w3.org/2001/XMLSchema-instance" xsi:noNamespaceSchemaLocation="https://maven.apache.org/surefire/maven-surefire-plugin/xsd/surefire-test-report.xsd" name="com.moviebookingwebapp.MoviebookingWebAppApplicationTests" time="10.069" tests="1" errors="0" skipped="0" failures="0">
  <properties>
    <property name="java.specification.version" value="14"/>
    <property name="sun.cpu.isalist" value="amd64"/>
    <property name="sun.jnu.encoding" value="Cp1252"/>
    <property name="java.class.path" value="C:\Users\5577\git\moviebooking-webapp\Moviebooking-WebApp\target\test-classes;C:\Users\5577\git\moviebooking-webapp\Moviebooking-WebApp\target\classes;C:\Users\5577\.m2\repository\org\springframework\boot\spring-boot-starter-web\2.3.4.RELEASE\spring-boot-starter-web-2.3.4.RELEASE.jar;C:\Users\5577\.m2\repository\org\springframework\boot\spring-boot-starter\2.3.4.RELEASE\spring-boot-starter-2.3.4.RELEASE.jar;C:\Users\5577\.m2\repository\org\springframework\boot\spring-boot-starter-logging\2.3.4.RELEASE\spring-boot-starter-logging-2.3.4.RELEASE.jar;C:\Users\5577\.m2\repository\ch\qos\logback\logback-classic\1.2.3\logback-classic-1.2.3.jar;C:\Users\5577\.m2\repository\ch\qos\logback\logback-core\1.2.3\logback-core-1.2.3.jar;C:\Users\5577\.m2\repository\org\apache\logging\log4j\log4j-to-slf4j\2.13.3\log4j-to-slf4j-2.13.3.jar;C:\Users\5577\.m2\repository\org\apache\logging\log4j\log4j-api\2.13.3\log4j-api-2.13.3.jar;C:\Users\5577\.m2\repository\org\slf4j\jul-to-slf4j\1.7.30\jul-to-slf4j-1.7.30.jar;C:\Users\5577\.m2\repository\org\yaml\snakeyaml\1.26\snakeyaml-1.26.jar;C:\Users\5577\.m2\repository\org\springframework\boot\spring-boot-starter-json\2.3.4.RELEASE\spring-boot-starter-json-2.3.4.RELEASE.jar;C:\Users\5577\.m2\repository\com\fasterxml\jackson\core\jackson-databind\2.11.2\jackson-databind-2.11.2.jar;C:\Users\5577\.m2\repository\com\fasterxml\jackson\datatype\jackson-datatype-jdk8\2.11.2\jackson-datatype-jdk8-2.11.2.jar;C:\Users\5577\.m2\repository\com\fasterxml\jackson\datatype\jackson-datatype-jsr310\2.11.2\jackson-datatype-jsr310-2.11.2.jar;C:\Users\5577\.m2\repository\com\fasterxml\jackson\module\jackson-module-parameter-names\2.11.2\jackson-module-parameter-names-2.11.2.jar;C:\Users\5577\.m2\repository\org\springframework\spring-web\5.2.9.RELEASE\spring-web-5.2.9.RELEASE.jar;C:\Users\5577\.m2\repository\org\springframework\spring-beans\5.2.9.RELEASE\spring-beans-5.2.9.RELEASE.jar;C:\Users\5577\.m2\repository\org\springframework\spring-webmvc\5.2.9.RELEASE\spring-webmvc-5.2.9.RELEASE.jar;C:\Users\5577\.m2\repository\org\springframework\spring-aop\5.2.9.RELEASE\spring-aop-5.2.9.RELEASE.jar;C:\Users\5577\.m2\repository\org\springframework\spring-context\5.2.9.RELEASE\spring-context-5.2.9.RELEASE.jar;C:\Users\5577\.m2\repository\org\springframework\spring-expression\5.2.9.RELEASE\spring-expression-5.2.9.RELEASE.jar;C:\Users\5577\.m2\repository\org\springframework\boot\spring-boot-devtools\2.3.4.RELEASE\spring-boot-devtools-2.3.4.RELEASE.jar;C:\Users\5577\.m2\repository\org\springframework\boot\spring-boot\2.3.4.RELEASE\spring-boot-2.3.4.RELEASE.jar;C:\Users\5577\.m2\repository\org\springframework\boot\spring-boot-autoconfigure\2.3.4.RELEASE\spring-boot-autoconfigure-2.3.4.RELEASE.jar;C:\Users\5577\.m2\repository\org\projectlombok\lombok\1.18.12\lombok-1.18.12.jar;C:\Users\5577\.m2\repository\javax\servlet\jstl\1.2\jstl-1.2.jar;C:\Users\5577\.m2\repository\javax\servlet\javax.servlet-api\4.0.1\javax.servlet-api-4.0.1.jar;C:\Users\5577\.m2\repository\org\springframework\boot\spring-boot-starter-validation\2.3.4.RELEASE\spring-boot-starter-validation-2.3.4.RELEASE.jar;C:\Users\5577\.m2\repository\org\glassfish\jakarta.el\3.0.3\jakarta.el-3.0.3.jar;C:\Users\5577\.m2\repository\org\hibernate\validator\hibernate-validator\6.1.5.Final\hibernate-validator-6.1.5.Final.jar;C:\Users\5577\.m2\repository\jakarta\validation\jakarta.validation-api\2.0.2\jakarta.validation-api-2.0.2.jar;C:\Users\5577\.m2\repository\org\jboss\logging\jboss-logging\3.4.1.Final\jboss-logging-3.4.1.Final.jar;C:\Users\5577\.m2\repository\com\fasterxml\classmate\1.5.1\classmate-1.5.1.jar;C:\Users\5577\.m2\repository\com\amazonaws\aws-java-sdk\1.11.870\aws-java-sdk-1.11.870.jar;C:\Users\5577\.m2\repository\com\amazonaws\aws-java-sdk-ssoadmin\1.11.870\aws-java-sdk-ssoadmin-1.11.870.jar;C:\Users\5577\.m2\repository\com\amazonaws\jmespath-java\1.11.870\jmespath-java-1.11.870.jar;C:\Users\5577\.m2\repository\com\amazonaws\aws-java-sdk-redshiftdataapi\1.11.870\aws-java-sdk-redshiftdataapi-1.11.870.jar;C:\Users\5577\.m2\repository\com\amazonaws\aws-java-sdk-appflow\1.11.870\aws-java-sdk-appflow-1.11.870.jar;C:\Users\5577\.m2\repository\com\amazonaws\aws-java-sdk-identitystore\1.11.870\aws-java-sdk-identitystore-1.11.870.jar;C:\Users\5577\.m2\repository\com\amazonaws\aws-java-sdk-braket\1.11.870\aws-java-sdk-braket-1.11.870.jar;C:\Users\5577\.m2\repository\com\amazonaws\aws-java-sdk-ivs\1.11.870\aws-java-sdk-ivs-1.11.870.jar;C:\Users\5577\.m2\repository\com\amazonaws\aws-java-sdk-honeycode\1.11.870\aws-java-sdk-honeycode-1.11.870.jar;C:\Users\5577\.m2\repository\com\amazonaws\aws-java-sdk-codeartifact\1.11.870\aws-java-sdk-codeartifact-1.11.870.jar;C:\Users\5577\.m2\repository\com\amazonaws\aws-java-sdk-macie2\1.11.870\aws-java-sdk-macie2-1.11.870.jar;C:\Users\5577\.m2\repository\com\amazonaws\aws-java-sdk-iotsitewise\1.11.870\aws-java-sdk-iotsitewise-1.11.870.jar;C:\Users\5577\.m2\repository\com\amazonaws\aws-java-sdk-synthetics\1.11.870\aws-java-sdk-synthetics-1.11.870.jar;C:\Users\5577\.m2\repository\com\amazonaws\aws-java-sdk-codestarconnections\1.11.870\aws-java-sdk-codestarconnections-1.11.870.jar;C:\Users\5577\.m2\repository\com\amazonaws\aws-java-sdk-detective\1.11.870\aws-java-sdk-detective-1.11.870.jar;C:\Users\5577\.m2\repository\com\amazonaws\aws-java-sdk-kinesisvideosignalingchannels\1.11.870\aws-java-sdk-kinesisvideosignalingchannels-1.11.870.jar;C:\Users\5577\.m2\repository\com\amazonaws\aws-java-sdk-ebs\1.11.870\aws-java-sdk-ebs-1.11.870.jar;C:\Users\5577\.m2\repository\com\amazonaws\aws-java-sdk-augmentedairuntime\1.11.870\aws-java-sdk-augmentedairuntime-1.11.870.jar;C:\Users\5577\.m2\repository\com\amazonaws\aws-java-sdk-outposts\1.11.870\aws-java-sdk-outposts-1.11.870.jar;C:\Users\5577\.m2\repository\com\amazonaws\aws-java-sdk-codeguruprofiler\1.11.870\aws-java-sdk-codeguruprofiler-1.11.870.jar;C:\Users\5577\.m2\repository\com\amazonaws\aws-java-sdk-codegurureviewer\1.11.870\aws-java-sdk-codegurureviewer-1.11.870.jar;C:\Users\5577\.m2\repository\com\amazonaws\aws-java-sdk-frauddetector\1.11.870\aws-java-sdk-frauddetector-1.11.870.jar;C:\Users\5577\.m2\repository\com\amazonaws\aws-java-sdk-kendra\1.11.870\aws-java-sdk-kendra-1.11.870.jar;C:\Users\5577\.m2\repository\com\amazonaws\aws-java-sdk-networkmanager\1.11.870\aws-java-sdk-networkmanager-1.11.870.jar;C:\Users\5577\.m2\repository\com\amazonaws\aws-java-sdk-computeoptimizer\1.11.870\aws-java-sdk-computeoptimizer-1.11.870.jar;C:\Users\5577\.m2\repository\com\amazonaws\aws-java-sdk-accessanalyzer\1.11.870\aws-java-sdk-accessanalyzer-1.11.870.jar;C:\Users\5577\.m2\repository\com\amazonaws\aws-java-sdk-schemas\1.11.870\aws-java-sdk-schemas-1.11.870.jar;C:\Users\5577\.m2\repository\com\amazonaws\aws-java-sdk-imagebuilder\1.11.870\aws-java-sdk-imagebuilder-1.11.870.jar;C:\Users\5577\.m2\repository\com\amazonaws\aws-java-sdk-elasticinference\1.11.870\aws-java-sdk-elasticinference-1.11.870.jar;C:\Users\5577\.m2\repository\com\amazonaws\aws-java-sdk-iotsecuretunneling\1.11.870\aws-java-sdk-iotsecuretunneling-1.11.870.jar;C:\Users\5577\.m2\repository\com\amazonaws\aws-java-sdk-appconfig\1.11.870\aws-java-sdk-appconfig-1.11.870.jar;C:\Users\5577\.m2\repository\com\amazonaws\aws-java-sdk-wafv2\1.11.870\aws-java-sdk-wafv2-1.11.870.jar;C:\Users\5577\.m2\repository\com\amazonaws\aws-java-sdk-connectparticipant\1.11.870\aws-java-sdk-connectparticipant-1.11.870.jar;C:\Users\5577\.m2\repository\com\amazonaws\aws-java-sdk-migrationhubconfig\1.11.870\aws-java-sdk-migrationhubconfig-1.11.870.jar;C:\Users\5577\.m2\repository\com\amazonaws\aws-java-sdk-dataexchange\1.11.870\aws-java-sdk-dataexchange-1.11.870.jar;C:\Users\5577\.m2\repository\com\amazonaws\aws-java-sdk-sesv2\1.11.870\aws-java-sdk-sesv2-1.11.870.jar;C:\Users\5577\.m2\repository\com\amazonaws\aws-java-sdk-marketplacecatalog\1.11.870\aws-java-sdk-marketplacecatalog-1.11.870.jar;C:\Users\5577\.m2\repository\com\amazonaws\aws-java-sdk-ssooidc\1.11.870\aws-java-sdk-ssooidc-1.11.870.jar;C:\Users\5577\.m2\repository\com\amazonaws\aws-java-sdk-sso\1.11.870\aws-java-sdk-sso-1.11.870.jar;C:\Users\5577\.m2\repository\com\amazonaws\aws-java-sdk-savingsplans\1.11.870\aws-java-sdk-savingsplans-1.11.870.jar;C:\Users\5577\.m2\repository\com\amazonaws\aws-java-sdk-codestarnotifications\1.11.870\aws-java-sdk-codestarnotifications-1.11.870.jar;C:\Users\5577\.m2\repository\com\amazonaws\aws-java-sdk-workmailmessageflow\1.11.870\aws-java-sdk-workmailmessageflow-1.11.870.jar;C:\Users\5577\.m2\repository\com\amazonaws\aws-java-sdk-qldbsession\1.11.870\aws-java-sdk-qldbsession-1.11.870.jar;C:\Users\5577\.m2\repository\com\amazonaws\aws-java-sdk-qldb\1.11.870\aws-java-sdk-qldb-1.11.870.jar;C:\Users\5577\.m2\repository\com\amazonaws\aws-java-sdk-forecastquery\1.11.870\aws-java-sdk-forecastquery-1.11.870.jar;C:\Users\5577\.m2\repository\com\amazonaws\aws-java-sdk-forecast\1.11.870\aws-java-sdk-forecast-1.11.870.jar;C:\Users\5577\.m2\repository\com\amazonaws\aws-java-sdk-lakeformation\1.11.870\aws-java-sdk-lakeformation-1.11.870.jar;C:\Users\5577\.m2\repository\com\amazonaws\aws-java-sdk-eventbridge\1.11.870\aws-java-sdk-eventbridge-1.11.870.jar;C:\Users\5577\.m2\repository\com\amazonaws\aws-java-sdk-ec2instanceconnect\1.11.870\aws-java-sdk-ec2instanceconnect-1.11.870.jar;C:\Users\5577\.m2\repository\com\amazonaws\aws-java-sdk-applicationinsights\1.11.870\aws-java-sdk-applicationinsights-1.11.870.jar;C:\Users\5577\.m2\repository\com\amazonaws\aws-java-sdk-servicequotas\1.11.870\aws-java-sdk-servicequotas-1.11.870.jar;C:\Users\5577\.m2\repository\com\amazonaws\aws-java-sdk-personalizeevents\1.11.870\aws-java-sdk-personalizeevents-1.11.870.jar;C:\Users\5577\.m2\repository\com\amazonaws\aws-java-sdk-personalize\1.11.870\aws-java-sdk-personalize-1.11.870.jar;C:\Users\5577\.m2\repository\com\amazonaws\aws-java-sdk-personalizeruntime\1.11.870\aws-java-sdk-personalizeruntime-1.11.870.jar;C:\Users\5577\.m2\repository\com\amazonaws\aws-java-sdk-ioteventsdata\1.11.870\aws-java-sdk-ioteventsdata-1.11.870.jar;C:\Users\5577\.m2\repository\com\amazonaws\aws-java-sdk-iotevents\1.11.870\aws-java-sdk-iotevents-1.11.870.jar;C:\Users\5577\.m2\repository\com\amazonaws\aws-java-sdk-iotthingsgraph\1.11.870\aws-java-sdk-iotthingsgraph-1.11.870.jar;C:\Users\5577\.m2\repository\com\amazonaws\aws-java-sdk-groundstation\1.11.870\aws-java-sdk-groundstation-1.11.870.jar;C:\Users\5577\.m2\repository\com\amazonaws\aws-java-sdk-mediapackagevod\1.11.870\aws-java-sdk-mediapackagevod-1.11.870.jar;C:\Users\5577\.m2\repository\com\amazonaws\aws-java-sdk-managedblockchain\1.11.870\aws-java-sdk-managedblockchain-1.11.870.jar;C:\Users\5577\.m2\repository\com\amazonaws\aws-java-sdk-textract\1.11.870\aws-java-sdk-textract-1.11.870.jar;C:\Users\5577\.m2\repository\com\amazonaws\aws-java-sdk-worklink\1.11.870\aws-java-sdk-worklink-1.11.870.jar;C:\Users\5577\.m2\repository\com\amazonaws\aws-java-sdk-backup\1.11.870\aws-java-sdk-backup-1.11.870.jar;C:\Users\5577\.m2\repository\com\amazonaws\aws-java-sdk-docdb\1.11.870\aws-java-sdk-docdb-1.11.870.jar;C:\Users\5577\.m2\repository\com\amazonaws\aws-java-sdk-apigatewayv2\1.11.870\aws-java-sdk-apigatewayv2-1.11.870.jar;C:\Users\5577\.m2\repository\com\amazonaws\aws-java-sdk-apigatewaymanagementapi\1.11.870\aws-java-sdk-apigatewaymanagementapi-1.11.870.jar;C:\Users\5577\.m2\repository\com\amazonaws\aws-java-sdk-kafka\1.11.870\aws-java-sdk-kafka-1.11.870.jar;C:\Users\5577\.m2\repository\com\amazonaws\aws-java-sdk-appmesh\1.11.870\aws-java-sdk-appmesh-1.11.870.jar;C:\Users\5577\.m2\repository\com\amazonaws\aws-java-sdk-licensemanager\1.11.870\aws-java-sdk-licensemanager-1.11.870.jar;C:\Users\5577\.m2\repository\com\amazonaws\aws-java-sdk-securityhub\1.11.870\aws-java-sdk-securityhub-1.11.870.jar;C:\Users\5577\.m2\repository\com\amazonaws\aws-java-sdk-fsx\1.11.870\aws-java-sdk-fsx-1.11.870.jar;C:\Users\5577\.m2\repository\com\amazonaws\aws-java-sdk-mediaconnect\1.11.870\aws-java-sdk-mediaconnect-1.11.870.jar;C:\Users\5577\.m2\repository\com\amazonaws\aws-java-sdk-kinesisanalyticsv2\1.11.870\aws-java-sdk-kinesisanalyticsv2-1.11.870.jar;C:\Users\5577\.m2\repository\com\amazonaws\aws-java-sdk-comprehendmedical\1.11.870\aws-java-sdk-comprehendmedical-1.11.870.jar;C:\Users\5577\.m2\repository\com\amazonaws\aws-java-sdk-globalaccelerator\1.11.870\aws-java-sdk-globalaccelerator-1.11.870.jar;C:\Users\5577\.m2\repository\com\amazonaws\aws-java-sdk-transfer\1.11.870\aws-java-sdk-transfer-1.11.870.jar;C:\Users\5577\.m2\repository\com\amazonaws\aws-java-sdk-datasync\1.11.870\aws-java-sdk-datasync-1.11.870.jar;C:\Users\5577\.m2\repository\com\amazonaws\aws-java-sdk-robomaker\1.11.870\aws-java-sdk-robomaker-1.11.870.jar;C:\Users\5577\.m2\repository\com\amazonaws\aws-java-sdk-amplify\1.11.870\aws-java-sdk-amplify-1.11.870.jar;C:\Users\5577\.m2\repository\com\amazonaws\aws-java-sdk-quicksight\1.11.870\aws-java-sdk-quicksight-1.11.870.jar;C:\Users\5577\.m2\repository\com\amazonaws\aws-java-sdk-rdsdata\1.11.870\aws-java-sdk-rdsdata-1.11.870.jar;C:\Users\5577\.m2\repository\com\amazonaws\aws-java-sdk-route53resolver\1.11.870\aws-java-sdk-route53resolver-1.11.870.jar;C:\Users\5577\.m2\repository\com\amazonaws\aws-java-sdk-ram\1.11.870\aws-java-sdk-ram-1.11.870.jar;C:\Users\5577\.m2\repository\com\amazonaws\aws-java-sdk-s3control\1.11.870\aws-java-sdk-s3control-1.11.870.jar;C:\Users\5577\.m2\repository\com\amazonaws\aws-java-sdk-pinpointsmsvoice\1.11.870\aws-java-sdk-pinpointsmsvoice-1.11.870.jar;C:\Users\5577\.m2\repository\com\amazonaws\aws-java-sdk-pinpointemail\1.11.870\aws-java-sdk-pinpointemail-1.11.870.jar;C:\Users\5577\.m2\repository\com\amazonaws\aws-java-sdk-chime\1.11.870\aws-java-sdk-chime-1.11.870.jar;C:\Users\5577\.m2\repository\com\amazonaws\aws-java-sdk-signer\1.11.870\aws-java-sdk-signer-1.11.870.jar;C:\Users\5577\.m2\repository\com\amazonaws\aws-java-sdk-dlm\1.11.870\aws-java-sdk-dlm-1.11.870.jar;C:\Users\5577\.m2\repository\com\amazonaws\aws-java-sdk-macie\1.11.870\aws-java-sdk-macie-1.11.870.jar;C:\Users\5577\.m2\repository\com\amazonaws\aws-java-sdk-eks\1.11.870\aws-java-sdk-eks-1.11.870.jar;C:\Users\5577\.m2\repository\com\amazonaws\aws-java-sdk-mediatailor\1.11.870\aws-java-sdk-mediatailor-1.11.870.jar;C:\Users\5577\.m2\repository\com\amazonaws\aws-java-sdk-neptune\1.11.870\aws-java-sdk-neptune-1.11.870.jar;C:\Users\5577\.m2\repository\com\amazonaws\aws-java-sdk-pi\1.11.870\aws-java-sdk-pi-1.11.870.jar;C:\Users\5577\.m2\repository\com\amazonaws\aws-java-sdk-iot1clickprojects\1.11.870\aws-java-sdk-iot1clickprojects-1.11.870.jar;C:\Users\5577\.m2\repository\com\amazonaws\aws-java-sdk-iot1clickdevices\1.11.870\aws-java-sdk-iot1clickdevices-1.11.870.jar;C:\Users\5577\.m2\repository\com\amazonaws\aws-java-sdk-iotanalytics\1.11.870\aws-java-sdk-iotanalytics-1.11.870.jar;C:\Users\5577\.m2\repository\com\amazonaws\aws-java-sdk-acmpca\1.11.870\aws-java-sdk-acmpca-1.11.870.jar;C:\Users\5577\.m2\repository\com\amazonaws\aws-java-sdk-secretsmanager\1.11.870\aws-java-sdk-secretsmanager-1.11.870.jar;C:\Users\5577\.m2\repository\com\amazonaws\aws-java-sdk-fms\1.11.870\aws-java-sdk-fms-1.11.870.jar;C:\Users\5577\.m2\repository\com\amazonaws\aws-java-sdk-connect\1.11.870\aws-java-sdk-connect-1.11.870.jar;C:\Users\5577\.m2\repository\com\amazonaws\aws-java-sdk-transcribe\1.11.870\aws-java-sdk-transcribe-1.11.870.jar;C:\Users\5577\.m2\repository\com\amazonaws\aws-java-sdk-autoscalingplans\1.11.870\aws-java-sdk-autoscalingplans-1.11.870.jar;C:\Users\5577\.m2\repository\com\amazonaws\aws-java-sdk-workmail\1.11.870\aws-java-sdk-workmail-1.11.870.jar;C:\Users\5577\.m2\repository\com\amazonaws\aws-java-sdk-servicediscovery\1.11.870\aws-java-sdk-servicediscovery-1.11.870.jar;C:\Users\5577\.m2\repository\com\amazonaws\aws-java-sdk-cloud9\1.11.870\aws-java-sdk-cloud9-1.11.870.jar;C:\Users\5577\.m2\repository\com\amazonaws\aws-java-sdk-serverlessapplicationrepository\1.11.870\aws-java-sdk-serverlessapplicationrepository-1.11.870.jar;C:\Users\5577\.m2\repository\com\amazonaws\aws-java-sdk-alexaforbusiness\1.11.870\aws-java-sdk-alexaforbusiness-1.11.870.jar;C:\Users\5577\.m2\repository\com\amazonaws\aws-java-sdk-resourcegroups\1.11.870\aws-java-sdk-resourcegroups-1.11.870.jar;C:\Users\5577\.m2\repository\com\amazonaws\aws-java-sdk-comprehend\1.11.870\aws-java-sdk-comprehend-1.11.870.jar;C:\Users\5577\.m2\repository\com\amazonaws\aws-java-sdk-translate\1.11.870\aws-java-sdk-translate-1.11.870.jar;C:\Users\5577\.m2\repository\com\amazonaws\aws-java-sdk-sagemaker\1.11.870\aws-java-sdk-sagemaker-1.11.870.jar;C:\Users\5577\.m2\repository\com\amazonaws\aws-java-sdk-iotjobsdataplane\1.11.870\aws-java-sdk-iotjobsdataplane-1.11.870.jar;C:\Users\5577\.m2\repository\com\amazonaws\aws-java-sdk-sagemakerruntime\1.11.870\aws-java-sdk-sagemakerruntime-1.11.870.jar;C:\Users\5577\.m2\repository\com\amazonaws\aws-java-sdk-kinesisvideo\1.11.870\aws-java-sdk-kinesisvideo-1.11.870.jar;C:\Users\5577\.m2\repository\io\netty\netty-codec-http\4.1.52.Final\netty-codec-http-4.1.52.Final.jar;C:\Users\5577\.m2\repository\io\netty\netty-handler\4.1.52.Final\netty-handler-4.1.52.Final.jar;C:\Users\5577\.m2\repository\io\netty\netty-resolver\4.1.52.Final\netty-resolver-4.1.52.Final.jar;C:\Users\5577\.m2\repository\com\amazonaws\aws-java-sdk-appsync\1.11.870\aws-java-sdk-appsync-1.11.870.jar;C:\Users\5577\.m2\repository\com\amazonaws\aws-java-sdk-guardduty\1.11.870\aws-java-sdk-guardduty-1.11.870.jar;C:\Users\5577\.m2\repository\com\amazonaws\aws-java-sdk-mq\1.11.870\aws-java-sdk-mq-1.11.870.jar;C:\Users\5577\.m2\repository\com\amazonaws\aws-java-sdk-mediaconvert\1.11.870\aws-java-sdk-mediaconvert-1.11.870.jar;C:\Users\5577\.m2\repository\com\amazonaws\aws-java-sdk-mediastore\1.11.870\aws-java-sdk-mediastore-1.11.870.jar;C:\Users\5577\.m2\repository\com\amazonaws\aws-java-sdk-mediastoredata\1.11.870\aws-java-sdk-mediastoredata-1.11.870.jar;C:\Users\5577\.m2\repository\com\amazonaws\aws-java-sdk-medialive\1.11.870\aws-java-sdk-medialive-1.11.870.jar;C:\Users\5577\.m2\repository\com\amazonaws\aws-java-sdk-mediapackage\1.11.870\aws-java-sdk-mediapackage-1.11.870.jar;C:\Users\5577\.m2\repository\com\amazonaws\aws-java-sdk-costexplorer\1.11.870\aws-java-sdk-costexplorer-1.11.870.jar;C:\Users\5577\.m2\repository\com\amazonaws\aws-java-sdk-pricing\1.11.870\aws-java-sdk-pricing-1.11.870.jar;C:\Users\5577\.m2\repository\com\amazonaws\aws-java-sdk-mobile\1.11.870\aws-java-sdk-mobile-1.11.870.jar;C:\Users\5577\.m2\repository\com\amazonaws\aws-java-sdk-cloudhsmv2\1.11.870\aws-java-sdk-cloudhsmv2-1.11.870.jar;C:\Users\5577\.m2\repository\com\amazonaws\aws-java-sdk-glue\1.11.870\aws-java-sdk-glue-1.11.870.jar;C:\Users\5577\.m2\repository\com\amazonaws\aws-java-sdk-migrationhub\1.11.870\aws-java-sdk-migrationhub-1.11.870.jar;C:\Users\5577\.m2\repository\com\amazonaws\aws-java-sdk-dax\1.11.870\aws-java-sdk-dax-1.11.870.jar;C:\Users\5577\.m2\repository\com\amazonaws\aws-java-sdk-greengrass\1.11.870\aws-java-sdk-greengrass-1.11.870.jar;C:\Users\5577\.m2\repository\com\amazonaws\aws-java-sdk-athena\1.11.870\aws-java-sdk-athena-1.11.870.jar;C:\Users\5577\.m2\repository\com\amazonaws\aws-java-sdk-marketplaceentitlement\1.11.870\aws-java-sdk-marketplaceentitlement-1.11.870.jar;C:\Users\5577\.m2\repository\com\amazonaws\aws-java-sdk-codestar\1.11.870\aws-java-sdk-codestar-1.11.870.jar;C:\Users\5577\.m2\repository\com\amazonaws\aws-java-sdk-lexmodelbuilding\1.11.870\aws-java-sdk-lexmodelbuilding-1.11.870.jar;C:\Users\5577\.m2\repository\com\amazonaws\aws-java-sdk-resourcegroupstaggingapi\1.11.870\aws-java-sdk-resourcegroupstaggingapi-1.11.870.jar;C:\Users\5577\.m2\repository\com\amazonaws\aws-java-sdk-pinpoint\1.11.870\aws-java-sdk-pinpoint-1.11.870.jar;C:\Users\5577\.m2\repository\com\amazonaws\aws-java-sdk-xray\1.11.870\aws-java-sdk-xray-1.11.870.jar;C:\Users\5577\.m2\repository\com\amazonaws\aws-java-sdk-opsworkscm\1.11.870\aws-java-sdk-opsworkscm-1.11.870.jar;C:\Users\5577\.m2\repository\com\amazonaws\aws-java-sdk-support\1.11.870\aws-java-sdk-support-1.11.870.jar;C:\Users\5577\.m2\repository\com\amazonaws\aws-java-sdk-simpledb\1.11.870\aws-java-sdk-simpledb-1.11.870.jar;C:\Users\5577\.m2\repository\com\amazonaws\aws-java-sdk-servicecatalog\1.11.870\aws-java-sdk-servicecatalog-1.11.870.jar;C:\Users\5577\.m2\repository\com\amazonaws\aws-java-sdk-servermigration\1.11.870\aws-java-sdk-servermigration-1.11.870.jar;C:\Users\5577\.m2\repository\com\amazonaws\aws-java-sdk-simpleworkflow\1.11.870\aws-java-sdk-simpleworkflow-1.11.870.jar;C:\Users\5577\.m2\repository\com\amazonaws\aws-java-sdk-storagegateway\1.11.870\aws-java-sdk-storagegateway-1.11.870.jar;C:\Users\5577\.m2\repository\com\amazonaws\aws-java-sdk-route53\1.11.870\aws-java-sdk-route53-1.11.870.jar;C:\Users\5577\.m2\repository\com\amazonaws\aws-java-sdk-s3\1.11.870\aws-java-sdk-s3-1.11.870.jar;C:\Users\5577\.m2\repository\com\amazonaws\aws-java-sdk-importexport\1.11.870\aws-java-sdk-importexport-1.11.870.jar;C:\Users\5577\.m2\repository\com\amazonaws\aws-java-sdk-sts\1.11.870\aws-java-sdk-sts-1.11.870.jar;C:\Users\5577\.m2\repository\com\amazonaws\aws-java-sdk-sqs\1.11.870\aws-java-sdk-sqs-1.11.870.jar;C:\Users\5577\.m2\repository\com\amazonaws\aws-java-sdk-rds\1.11.870\aws-java-sdk-rds-1.11.870.jar;C:\Users\5577\.m2\repository\com\amazonaws\aws-java-sdk-redshift\1.11.870\aws-java-sdk-redshift-1.11.870.jar;C:\Users\5577\.m2\repository\com\amazonaws\aws-java-sdk-elasticbeanstalk\1.11.870\aws-java-sdk-elasticbeanstalk-1.11.870.jar;C:\Users\5577\.m2\repository\com\amazonaws\aws-java-sdk-glacier\1.11.870\aws-java-sdk-glacier-1.11.870.jar;C:\Users\5577\.m2\repository\com\amazonaws\aws-java-sdk-iam\1.11.870\aws-java-sdk-iam-1.11.870.jar;C:\Users\5577\.m2\repository\com\amazonaws\aws-java-sdk-datapipeline\1.11.870\aws-java-sdk-datapipeline-1.11.870.jar;C:\Users\5577\.m2\repository\com\amazonaws\aws-java-sdk-elasticloadbalancing\1.11.870\aws-java-sdk-elasticloadbalancing-1.11.870.jar;C:\Users\5577\.m2\repository\com\amazonaws\aws-java-sdk-elasticloadbalancingv2\1.11.870\aws-java-sdk-elasticloadbalancingv2-1.11.870.jar;C:\Users\5577\.m2\repository\com\amazonaws\aws-java-sdk-emr\1.11.870\aws-java-sdk-emr-1.11.870.jar;C:\Users\5577\.m2\repository\com\amazonaws\aws-java-sdk-elasticache\1.11.870\aws-java-sdk-elasticache-1.11.870.jar;C:\Users\5577\.m2\repository\com\amazonaws\aws-java-sdk-elastictranscoder\1.11.870\aws-java-sdk-elastictranscoder-1.11.870.jar;C:\Users\5577\.m2\repository\com\amazonaws\aws-java-sdk-ec2\1.11.870\aws-java-sdk-ec2-1.11.870.jar;C:\Users\5577\.m2\repository\com\amazonaws\aws-java-sdk-dynamodb\1.11.870\aws-java-sdk-dynamodb-1.11.870.jar;C:\Users\5577\.m2\repository\com\amazonaws\aws-java-sdk-sns\1.11.870\aws-java-sdk-sns-1.11.870.jar;C:\Users\5577\.m2\repository\com\amazonaws\aws-java-sdk-budgets\1.11.870\aws-java-sdk-budgets-1.11.870.jar;C:\Users\5577\.m2\repository\com\amazonaws\aws-java-sdk-cloudtrail\1.11.870\aws-java-sdk-cloudtrail-1.11.870.jar;C:\Users\5577\.m2\repository\com\amazonaws\aws-java-sdk-cloudwatch\1.11.870\aws-java-sdk-cloudwatch-1.11.870.jar;C:\Users\5577\.m2\repository\com\amazonaws\aws-java-sdk-logs\1.11.870\aws-java-sdk-logs-1.11.870.jar;C:\Users\5577\.m2\repository\com\amazonaws\aws-java-sdk-events\1.11.870\aws-java-sdk-events-1.11.870.jar;C:\Users\5577\.m2\repository\com\amazonaws\aws-java-sdk-cognitoidentity\1.11.870\aws-java-sdk-cognitoidentity-1.11.870.jar;C:\Users\5577\.m2\repository\com\amazonaws\aws-java-sdk-cognitosync\1.11.870\aws-java-sdk-cognitosync-1.11.870.jar;C:\Users\5577\.m2\repository\com\amazonaws\aws-java-sdk-directconnect\1.11.870\aws-java-sdk-directconnect-1.11.870.jar;C:\Users\5577\.m2\repository\com\amazonaws\aws-java-sdk-cloudformation\1.11.870\aws-java-sdk-cloudformation-1.11.870.jar;C:\Users\5577\.m2\repository\com\amazonaws\aws-java-sdk-cloudfront\1.11.870\aws-java-sdk-cloudfront-1.11.870.jar;C:\Users\5577\.m2\repository\com\amazonaws\aws-java-sdk-clouddirectory\1.11.870\aws-java-sdk-clouddirectory-1.11.870.jar;C:\Users\5577\.m2\repository\com\amazonaws\aws-java-sdk-kinesis\1.11.870\aws-java-sdk-kinesis-1.11.870.jar;C:\Users\5577\.m2\repository\com\amazonaws\aws-java-sdk-opsworks\1.11.870\aws-java-sdk-opsworks-1.11.870.jar;C:\Users\5577\.m2\repository\com\amazonaws\aws-java-sdk-ses\1.11.870\aws-java-sdk-ses-1.11.870.jar;C:\Users\5577\.m2\repository\com\amazonaws\aws-java-sdk-autoscaling\1.11.870\aws-java-sdk-autoscaling-1.11.870.jar;C:\Users\5577\.m2\repository\com\amazonaws\aws-java-sdk-cloudsearch\1.11.870\aws-java-sdk-cloudsearch-1.11.870.jar;C:\Users\5577\.m2\repository\com\amazonaws\aws-java-sdk-cloudwatchmetrics\1.11.870\aws-java-sdk-cloudwatchmetrics-1.11.870.jar;C:\Users\5577\.m2\repository\com\amazonaws\aws-java-sdk-codedeploy\1.11.870\aws-java-sdk-codedeploy-1.11.870.jar;C:\Users\5577\.m2\repository\com\amazonaws\aws-java-sdk-codepipeline\1.11.870\aws-java-sdk-codepipeline-1.11.870.jar;C:\Users\5577\.m2\repository\com\amazonaws\aws-java-sdk-kms\1.11.870\aws-java-sdk-kms-1.11.870.jar;C:\Users\5577\.m2\repository\com\amazonaws\aws-java-sdk-config\1.11.870\aws-java-sdk-config-1.11.870.jar;C:\Users\5577\.m2\repository\com\amazonaws\aws-java-sdk-lambda\1.11.870\aws-java-sdk-lambda-1.11.870.jar;C:\Users\5577\.m2\repository\com\amazonaws\aws-java-sdk-ecs\1.11.870\aws-java-sdk-ecs-1.11.870.jar;C:\Users\5577\.m2\repository\com\amazonaws\aws-java-sdk-ecr\1.11.870\aws-java-sdk-ecr-1.11.870.jar;C:\Users\5577\.m2\repository\com\amazonaws\aws-java-sdk-cloudhsm\1.11.870\aws-java-sdk-cloudhsm-1.11.870.jar;C:\Users\5577\.m2\repository\com\amazonaws\aws-java-sdk-ssm\1.11.870\aws-java-sdk-ssm-1.11.870.jar;C:\Users\5577\.m2\repository\com\amazonaws\aws-java-sdk-workspaces\1.11.870\aws-java-sdk-workspaces-1.11.870.jar;C:\Users\5577\.m2\repository\com\amazonaws\aws-java-sdk-machinelearning\1.11.870\aws-java-sdk-machinelearning-1.11.870.jar;C:\Users\5577\.m2\repository\com\amazonaws\aws-java-sdk-directory\1.11.870\aws-java-sdk-directory-1.11.870.jar;C:\Users\5577\.m2\repository\com\amazonaws\aws-java-sdk-efs\1.11.870\aws-java-sdk-efs-1.11.870.jar;C:\Users\5577\.m2\repository\com\amazonaws\aws-java-sdk-codecommit\1.11.870\aws-java-sdk-codecommit-1.11.870.jar;C:\Users\5577\.m2\repository\com\amazonaws\aws-java-sdk-devicefarm\1.11.870\aws-java-sdk-devicefarm-1.11.870.jar;C:\Users\5577\.m2\repository\com\amazonaws\aws-java-sdk-elasticsearch\1.11.870\aws-java-sdk-elasticsearch-1.11.870.jar;C:\Users\5577\.m2\repository\com\amazonaws\aws-java-sdk-waf\1.11.870\aws-java-sdk-waf-1.11.870.jar;C:\Users\5577\.m2\repository\com\amazonaws\aws-java-sdk-marketplacecommerceanalytics\1.11.870\aws-java-sdk-marketplacecommerceanalytics-1.11.870.jar;C:\Users\5577\.m2\repository\com\amazonaws\aws-java-sdk-inspector\1.11.870\aws-java-sdk-inspector-1.11.870.jar;C:\Users\5577\.m2\repository\com\amazonaws\aws-java-sdk-iot\1.11.870\aws-java-sdk-iot-1.11.870.jar;C:\Users\5577\.m2\repository\com\amazonaws\aws-java-sdk-api-gateway\1.11.870\aws-java-sdk-api-gateway-1.11.870.jar;C:\Users\5577\.m2\repository\com\amazonaws\aws-java-sdk-acm\1.11.870\aws-java-sdk-acm-1.11.870.jar;C:\Users\5577\.m2\repository\com\amazonaws\aws-java-sdk-gamelift\1.11.870\aws-java-sdk-gamelift-1.11.870.jar;C:\Users\5577\.m2\repository\com\amazonaws\aws-java-sdk-dms\1.11.870\aws-java-sdk-dms-1.11.870.jar;C:\Users\5577\.m2\repository\com\amazonaws\aws-java-sdk-marketplacemeteringservice\1.11.870\aws-java-sdk-marketplacemeteringservice-1.11.870.jar;C:\Users\5577\.m2\repository\com\amazonaws\aws-java-sdk-cognitoidp\1.11.870\aws-java-sdk-cognitoidp-1.11.870.jar;C:\Users\5577\.m2\repository\com\amazonaws\aws-java-sdk-discovery\1.11.870\aws-java-sdk-discovery-1.11.870.jar;C:\Users\5577\.m2\repository\com\amazonaws\aws-java-sdk-applicationautoscaling\1.11.870\aws-java-sdk-applicationautoscaling-1.11.870.jar;C:\Users\5577\.m2\repository\com\amazonaws\aws-java-sdk-snowball\1.11.870\aws-java-sdk-snowball-1.11.870.jar;C:\Users\5577\.m2\repository\com\amazonaws\aws-java-sdk-rekognition\1.11.870\aws-java-sdk-rekognition-1.11.870.jar;C:\Users\5577\.m2\repository\com\amazonaws\aws-java-sdk-polly\1.11.870\aws-java-sdk-polly-1.11.870.jar;C:\Users\5577\.m2\repository\com\amazonaws\aws-java-sdk-lightsail\1.11.870\aws-java-sdk-lightsail-1.11.870.jar;C:\Users\5577\.m2\repository\com\amazonaws\aws-java-sdk-stepfunctions\1.11.870\aws-java-sdk-stepfunctions-1.11.870.jar;C:\Users\5577\.m2\repository\com\amazonaws\aws-java-sdk-health\1.11.870\aws-java-sdk-health-1.11.870.jar;C:\Users\5577\.m2\repository\com\amazonaws\aws-java-sdk-costandusagereport\1.11.870\aws-java-sdk-costandusagereport-1.11.870.jar;C:\Users\5577\.m2\repository\com\amazonaws\aws-java-sdk-codebuild\1.11.870\aws-java-sdk-codebuild-1.11.870.jar;C:\Users\5577\.m2\repository\com\amazonaws\aws-java-sdk-appstream\1.11.870\aws-java-sdk-appstream-1.11.870.jar;C:\Users\5577\.m2\repository\com\amazonaws\aws-java-sdk-shield\1.11.870\aws-java-sdk-shield-1.11.870.jar;C:\Users\5577\.m2\repository\com\amazonaws\aws-java-sdk-batch\1.11.870\aws-java-sdk-batch-1.11.870.jar;C:\Users\5577\.m2\repository\com\amazonaws\aws-java-sdk-lex\1.11.870\aws-java-sdk-lex-1.11.870.jar;C:\Users\5577\.m2\repository\com\amazonaws\aws-java-sdk-mechanicalturkrequester\1.11.870\aws-java-sdk-mechanicalturkrequester-1.11.870.jar;C:\Users\5577\.m2\repository\com\amazonaws\aws-java-sdk-organizations\1.11.870\aws-java-sdk-organizations-1.11.870.jar;C:\Users\5577\.m2\repository\com\amazonaws\aws-java-sdk-workdocs\1.11.870\aws-java-sdk-workdocs-1.11.870.jar;C:\Users\5577\.m2\repository\com\amazonaws\aws-java-sdk-core\1.11.870\aws-java-sdk-core-1.11.870.jar;C:\Users\5577\.m2\repository\commons-logging\commons-logging\1.1.3\commons-logging-1.1.3.jar;C:\Users\5577\.m2\repository\org\apache\httpcomponents\httpclient\4.5.12\httpclient-4.5.12.jar;C:\Users\5577\.m2\repository\commons-codec\commons-codec\1.14\commons-codec-1.14.jar;C:\Users\5577\.m2\repository\software\amazon\ion\ion-java\1.0.2\ion-java-1.0.2.jar;C:\Users\5577\.m2\repository\com\fasterxml\jackson\dataformat\jackson-dataformat-cbor\2.11.2\jackson-dataformat-cbor-2.11.2.jar;C:\Users\5577\.m2\repository\joda-time\joda-time\2.8.1\joda-time-2.8.1.jar;C:\Users\5577\.m2\repository\com\amazonaws\aws-java-sdk-models\1.11.870\aws-java-sdk-models-1.11.870.jar;C:\Users\5577\.m2\repository\com\amazonaws\aws-java-sdk-swf-libraries\1.11.22\aws-java-sdk-swf-libraries-1.11.22.jar;C:\Users\5577\.m2\repository\software\amazon\awssdk\cognitoidentity\2.15.14\cognitoidentity-2.15.14.jar;C:\Users\5577\.m2\repository\software\amazon\awssdk\aws-json-protocol\2.15.14\aws-json-protocol-2.15.14.jar;C:\Users\5577\.m2\repository\com\fasterxml\jackson\core\jackson-core\2.11.2\jackson-core-2.11.2.jar;C:\Users\5577\.m2\repository\software\amazon\awssdk\protocol-core\2.15.14\protocol-core-2.15.14.jar;C:\Users\5577\.m2\repository\software\amazon\awssdk\sdk-core\2.15.14\sdk-core-2.15.14.jar;C:\Users\5577\.m2\repository\software\amazon\awssdk\profiles\2.15.14\profiles-2.15.14.jar;C:\Users\5577\.m2\repository\org\slf4j\slf4j-api\1.7.30\slf4j-api-1.7.30.jar;C:\Users\5577\.m2\repository\org\reactivestreams\reactive-streams\1.0.3\reactive-streams-1.0.3.jar;C:\Users\5577\.m2\repository\software\amazon\awssdk\auth\2.15.14\auth-2.15.14.jar;C:\Users\5577\.m2\repository\software\amazon\eventstream\eventstream\1.0.1\eventstream-1.0.1.jar;C:\Users\5577\.m2\repository\software\amazon\awssdk\http-client-spi\2.15.14\http-client-spi-2.15.14.jar;C:\Users\5577\.m2\repository\software\amazon\awssdk\regions\2.15.14\regions-2.15.14.jar;C:\Users\5577\.m2\repository\com\fasterxml\jackson\core\jackson-annotations\2.11.2\jackson-annotations-2.11.2.jar;C:\Users\5577\.m2\repository\software\amazon\awssdk\annotations\2.15.14\annotations-2.15.14.jar;C:\Users\5577\.m2\repository\software\amazon\awssdk\utils\2.15.14\utils-2.15.14.jar;C:\Users\5577\.m2\repository\software\amazon\awssdk\aws-core\2.15.14\aws-core-2.15.14.jar;C:\Users\5577\.m2\repository\software\amazon\awssdk\metrics-spi\2.15.14\metrics-spi-2.15.14.jar;C:\Users\5577\.m2\repository\software\amazon\awssdk\apache-client\2.15.14\apache-client-2.15.14.jar;C:\Users\5577\.m2\repository\org\apache\httpcomponents\httpcore\4.4.13\httpcore-4.4.13.jar;C:\Users\5577\.m2\repository\software\amazon\awssdk\netty-nio-client\2.15.14\netty-nio-client-2.15.14.jar;C:\Users\5577\.m2\repository\io\netty\netty-codec-http2\4.1.52.Final\netty-codec-http2-4.1.52.Final.jar;C:\Users\5577\.m2\repository\io\netty\netty-codec\4.1.52.Final\netty-codec-4.1.52.Final.jar;C:\Users\5577\.m2\repository\io\netty\netty-transport\4.1.52.Final\netty-transport-4.1.52.Final.jar;C:\Users\5577\.m2\repository\io\netty\netty-common\4.1.52.Final\netty-common-4.1.52.Final.jar;C:\Users\5577\.m2\repository\io\netty\netty-buffer\4.1.52.Final\netty-buffer-4.1.52.Final.jar;C:\Users\5577\.m2\repository\io\netty\netty-transport-native-epoll\4.1.52.Final\netty-transport-native-epoll-4.1.52.Final-linux-x86_64.jar;C:\Users\5577\.m2\repository\io\netty\netty-transport-native-unix-common\4.1.52.Final\netty-transport-native-unix-common-4.1.52.Final.jar;C:\Users\5577\.m2\repository\com\typesafe\netty\netty-reactive-streams-http\2.0.4\netty-reactive-streams-http-2.0.4.jar;C:\Users\5577\.m2\repository\com\typesafe\netty\netty-reactive-streams\2.0.4\netty-reactive-streams-2.0.4.jar;C:\Users\5577\.m2\repository\software\amazon\awssdk\cognitoidentityprovider\2.15.14\cognitoidentityprovider-2.15.14.jar;C:\Users\5577\.m2\repository\org\springframework\boot\spring-boot-starter-tomcat\2.3.4.RELEASE\spring-boot-starter-tomcat-2.3.4.RELEASE.jar;C:\Users\5577\.m2\repository\jakarta\annotation\jakarta.annotation-api\1.3.5\jakarta.annotation-api-1.3.5.jar;C:\Users\5577\.m2\repository\org\apache\tomcat\embed\tomcat-embed-core\9.0.38\tomcat-embed-core-9.0.38.jar;C:\Users\5577\.m2\repository\org\apache\tomcat\embed\tomcat-embed-websocket\9.0.38\tomcat-embed-websocket-9.0.38.jar;C:\Users\5577\.m2\repository\org\apache\tomcat\embed\tomcat-embed-jasper\9.0.38\tomcat-embed-jasper-9.0.38.jar;C:\Users\5577\.m2\repository\org\apache\tomcat\embed\tomcat-embed-el\9.0.38\tomcat-embed-el-9.0.38.jar;C:\Users\5577\.m2\repository\org\eclipse\jdt\ecj\3.18.0\ecj-3.18.0.jar;C:\Users\5577\.m2\repository\org\springframework\boot\spring-boot-starter-thymeleaf\2.3.4.RELEASE\spring-boot-starter-thymeleaf-2.3.4.RELEASE.jar;C:\Users\5577\.m2\repository\org\thymeleaf\thymeleaf-spring5\3.0.11.RELEASE\thymeleaf-spring5-3.0.11.RELEASE.jar;C:\Users\5577\.m2\repository\org\thymeleaf\thymeleaf\3.0.11.RELEASE\thymeleaf-3.0.11.RELEASE.jar;C:\Users\5577\.m2\repository\org\attoparser\attoparser\2.0.5.RELEASE\attoparser-2.0.5.RELEASE.jar;C:\Users\5577\.m2\repository\org\unbescape\unbescape\1.1.6.RELEASE\unbescape-1.1.6.RELEASE.jar;C:\Users\5577\.m2\repository\org\thymeleaf\extras\thymeleaf-extras-java8time\3.0.4.RELEASE\thymeleaf-extras-java8time-3.0.4.RELEASE.jar;C:\Users\5577\.m2\repository\org\springframework\boot\spring-boot-starter-test\2.3.4.RELEASE\spring-boot-starter-test-2.3.4.RELEASE.jar;C:\Users\5577\.m2\repository\org\springframework\boot\spring-boot-test\2.3.4.RELEASE\spring-boot-test-2.3.4.RELEASE.jar;C:\Users\5577\.m2\repository\org\springframework\boot\spring-boot-test-autoconfigure\2.3.4.RELEASE\spring-boot-test-autoconfigure-2.3.4.RELEASE.jar;C:\Users\5577\.m2\repository\com\jayway\jsonpath\json-path\2.4.0\json-path-2.4.0.jar;C:\Users\5577\.m2\repository\net\minidev\json-smart\2.3\json-smart-2.3.jar;C:\Users\5577\.m2\repository\net\minidev\accessors-smart\1.2\accessors-smart-1.2.jar;C:\Users\5577\.m2\repository\org\ow2\asm\asm\5.0.4\asm-5.0.4.jar;C:\Users\5577\.m2\repository\jakarta\xml\bind\jakarta.xml.bind-api\2.3.3\jakarta.xml.bind-api-2.3.3.jar;C:\Users\5577\.m2\repository\jakarta\activation\jakarta.activation-api\1.2.2\jakarta.activation-api-1.2.2.jar;C:\Users\5577\.m2\repository\org\assertj\assertj-core\3.16.1\assertj-core-3.16.1.jar;C:\Users\5577\.m2\repository\org\hamcrest\hamcrest\2.2\hamcrest-2.2.jar;C:\Users\5577\.m2\repository\org\junit\jupiter\junit-jupiter\5.6.2\junit-jupiter-5.6.2.jar;C:\Users\5577\.m2\repository\org\junit\jupiter\junit-jupiter-api\5.6.2\junit-jupiter-api-5.6.2.jar;C:\Users\5577\.m2\repository\org\apiguardian\apiguardian-api\1.1.0\apiguardian-api-1.1.0.jar;C:\Users\5577\.m2\repository\org\opentest4j\opentest4j\1.2.0\opentest4j-1.2.0.jar;C:\Users\5577\.m2\repository\org\junit\platform\junit-platform-commons\1.6.2\junit-platform-commons-1.6.2.jar;C:\Users\5577\.m2\repository\org\junit\jupiter\junit-jupiter-params\5.6.2\junit-jupiter-params-5.6.2.jar;C:\Users\5577\.m2\repository\org\junit\jupiter\junit-jupiter-engine\5.6.2\junit-jupiter-engine-5.6.2.jar;C:\Users\5577\.m2\repository\org\junit\platform\junit-platform-engine\1.6.2\junit-platform-engine-1.6.2.jar;C:\Users\5577\.m2\repository\org\mockito\mockito-core\3.3.3\mockito-core-3.3.3.jar;C:\Users\5577\.m2\repository\net\bytebuddy\byte-buddy\1.10.14\byte-buddy-1.10.14.jar;C:\Users\5577\.m2\repository\net\bytebuddy\byte-buddy-agent\1.10.14\byte-buddy-agent-1.10.14.jar;C:\Users\5577\.m2\repository\org\objenesis\objenesis\2.6\objenesis-2.6.jar;C:\Users\5577\.m2\repository\org\mockito\mockito-junit-jupiter\3.3.3\mockito-junit-jupiter-3.3.3.jar;C:\Users\5577\.m2\repository\org\skyscreamer\jsonassert\1.5.0\jsonassert-1.5.0.jar;C:\Users\5577\.m2\repository\com\vaadin\external\google\android-json\0.0.20131108.vaadin1\android-json-0.0.20131108.vaadin1.jar;C:\Users\5577\.m2\repository\org\springframework\spring-core\5.2.9.RELEASE\spring-core-5.2.9.RELEASE.jar;C:\Users\5577\.m2\repository\org\springframework\spring-jcl\5.2.9.RELEASE\spring-jcl-5.2.9.RELEASE.jar;C:\Users\5577\.m2\repository\org\springframework\spring-test\5.2.9.RELEASE\spring-test-5.2.9.RELEASE.jar;C:\Users\5577\.m2\repository\org\xmlunit\xmlunit-core\2.7.0\xmlunit-core-2.7.0.jar;"/>
    <property name="java.vm.vendor" value="Oracle Corporation"/>
    <property name="sun.arch.data.model" value="64"/>
    <property name="user.variant" value=""/>
    <property name="java.vendor.url" value="https://java.oracle.com/"/>
    <property name="user.timezone" value="Asia/Calcutta"/>
    <property name="os.name" value="Windows 10"/>
    <property name="java.vm.specification.version" value="14"/>
    <property name="sun.java.launcher" value="SUN_STANDARD"/>
    <property name="user.country" value="IN"/>
    <property name="sun.boot.library.path" value="C:\Program Files\openjdk14\bin"/>
    <property name="sun.java.command" value="C:\Users\5577\AppData\Local\Temp\surefire8025171924139959478\surefirebooter14464153746372053801.jar C:\Users\5577\AppData\Local\Temp\surefire8025171924139959478 2020-11-03T09-39-53_095-jvmRun1 surefire12434916895787533801tmp surefire_014673239331663139312tmp"/>
    <property name="jdk.debug" value="release"/>
    <property name="surefire.test.class.path" value="C:\Users\5577\git\moviebooking-webapp\Moviebooking-WebApp\target\test-classes;C:\Users\5577\git\moviebooking-webapp\Moviebooking-WebApp\target\classes;C:\Users\5577\.m2\repository\org\springframework\boot\spring-boot-starter-web\2.3.4.RELEASE\spring-boot-starter-web-2.3.4.RELEASE.jar;C:\Users\5577\.m2\repository\org\springframework\boot\spring-boot-starter\2.3.4.RELEASE\spring-boot-starter-2.3.4.RELEASE.jar;C:\Users\5577\.m2\repository\org\springframework\boot\spring-boot-starter-logging\2.3.4.RELEASE\spring-boot-starter-logging-2.3.4.RELEASE.jar;C:\Users\5577\.m2\repository\ch\qos\logback\logback-classic\1.2.3\logback-classic-1.2.3.jar;C:\Users\5577\.m2\repository\ch\qos\logback\logback-core\1.2.3\logback-core-1.2.3.jar;C:\Users\5577\.m2\repository\org\apache\logging\log4j\log4j-to-slf4j\2.13.3\log4j-to-slf4j-2.13.3.jar;C:\Users\5577\.m2\repository\org\apache\logging\log4j\log4j-api\2.13.3\log4j-api-2.13.3.jar;C:\Users\5577\.m2\repository\org\slf4j\jul-to-slf4j\1.7.30\jul-to-slf4j-1.7.30.jar;C:\Users\5577\.m2\repository\org\yaml\snakeyaml\1.26\snakeyaml-1.26.jar;C:\Users\5577\.m2\repository\org\springframework\boot\spring-boot-starter-json\2.3.4.RELEASE\spring-boot-starter-json-2.3.4.RELEASE.jar;C:\Users\5577\.m2\repository\com\fasterxml\jackson\core\jackson-databind\2.11.2\jackson-databind-2.11.2.jar;C:\Users\5577\.m2\repository\com\fasterxml\jackson\datatype\jackson-datatype-jdk8\2.11.2\jackson-datatype-jdk8-2.11.2.jar;C:\Users\5577\.m2\repository\com\fasterxml\jackson\datatype\jackson-datatype-jsr310\2.11.2\jackson-datatype-jsr310-2.11.2.jar;C:\Users\5577\.m2\repository\com\fasterxml\jackson\module\jackson-module-parameter-names\2.11.2\jackson-module-parameter-names-2.11.2.jar;C:\Users\5577\.m2\repository\org\springframework\spring-web\5.2.9.RELEASE\spring-web-5.2.9.RELEASE.jar;C:\Users\5577\.m2\repository\org\springframework\spring-beans\5.2.9.RELEASE\spring-beans-5.2.9.RELEASE.jar;C:\Users\5577\.m2\repository\org\springframework\spring-webmvc\5.2.9.RELEASE\spring-webmvc-5.2.9.RELEASE.jar;C:\Users\5577\.m2\repository\org\springframework\spring-aop\5.2.9.RELEASE\spring-aop-5.2.9.RELEASE.jar;C:\Users\5577\.m2\repository\org\springframework\spring-context\5.2.9.RELEASE\spring-context-5.2.9.RELEASE.jar;C:\Users\5577\.m2\repository\org\springframework\spring-expression\5.2.9.RELEASE\spring-expression-5.2.9.RELEASE.jar;C:\Users\5577\.m2\repository\org\springframework\boot\spring-boot-devtools\2.3.4.RELEASE\spring-boot-devtools-2.3.4.RELEASE.jar;C:\Users\5577\.m2\repository\org\springframework\boot\spring-boot\2.3.4.RELEASE\spring-boot-2.3.4.RELEASE.jar;C:\Users\5577\.m2\repository\org\springframework\boot\spring-boot-autoconfigure\2.3.4.RELEASE\spring-boot-autoconfigure-2.3.4.RELEASE.jar;C:\Users\5577\.m2\repository\org\projectlombok\lombok\1.18.12\lombok-1.18.12.jar;C:\Users\5577\.m2\repository\javax\servlet\jstl\1.2\jstl-1.2.jar;C:\Users\5577\.m2\repository\javax\servlet\javax.servlet-api\4.0.1\javax.servlet-api-4.0.1.jar;C:\Users\5577\.m2\repository\org\springframework\boot\spring-boot-starter-validation\2.3.4.RELEASE\spring-boot-starter-validation-2.3.4.RELEASE.jar;C:\Users\5577\.m2\repository\org\glassfish\jakarta.el\3.0.3\jakarta.el-3.0.3.jar;C:\Users\5577\.m2\repository\org\hibernate\validator\hibernate-validator\6.1.5.Final\hibernate-validator-6.1.5.Final.jar;C:\Users\5577\.m2\repository\jakarta\validation\jakarta.validation-api\2.0.2\jakarta.validation-api-2.0.2.jar;C:\Users\5577\.m2\repository\org\jboss\logging\jboss-logging\3.4.1.Final\jboss-logging-3.4.1.Final.jar;C:\Users\5577\.m2\repository\com\fasterxml\classmate\1.5.1\classmate-1.5.1.jar;C:\Users\5577\.m2\repository\com\amazonaws\aws-java-sdk\1.11.870\aws-java-sdk-1.11.870.jar;C:\Users\5577\.m2\repository\com\amazonaws\aws-java-sdk-ssoadmin\1.11.870\aws-java-sdk-ssoadmin-1.11.870.jar;C:\Users\5577\.m2\repository\com\amazonaws\jmespath-java\1.11.870\jmespath-java-1.11.870.jar;C:\Users\5577\.m2\repository\com\amazonaws\aws-java-sdk-redshiftdataapi\1.11.870\aws-java-sdk-redshiftdataapi-1.11.870.jar;C:\Users\5577\.m2\repository\com\amazonaws\aws-java-sdk-appflow\1.11.870\aws-java-sdk-appflow-1.11.870.jar;C:\Users\5577\.m2\repository\com\amazonaws\aws-java-sdk-identitystore\1.11.870\aws-java-sdk-identitystore-1.11.870.jar;C:\Users\5577\.m2\repository\com\amazonaws\aws-java-sdk-braket\1.11.870\aws-java-sdk-braket-1.11.870.jar;C:\Users\5577\.m2\repository\com\amazonaws\aws-java-sdk-ivs\1.11.870\aws-java-sdk-ivs-1.11.870.jar;C:\Users\5577\.m2\repository\com\amazonaws\aws-java-sdk-honeycode\1.11.870\aws-java-sdk-honeycode-1.11.870.jar;C:\Users\5577\.m2\repository\com\amazonaws\aws-java-sdk-codeartifact\1.11.870\aws-java-sdk-codeartifact-1.11.870.jar;C:\Users\5577\.m2\repository\com\amazonaws\aws-java-sdk-macie2\1.11.870\aws-java-sdk-macie2-1.11.870.jar;C:\Users\5577\.m2\repository\com\amazonaws\aws-java-sdk-iotsitewise\1.11.870\aws-java-sdk-iotsitewise-1.11.870.jar;C:\Users\5577\.m2\repository\com\amazonaws\aws-java-sdk-synthetics\1.11.870\aws-java-sdk-synthetics-1.11.870.jar;C:\Users\5577\.m2\repository\com\amazonaws\aws-java-sdk-codestarconnections\1.11.870\aws-java-sdk-codestarconnections-1.11.870.jar;C:\Users\5577\.m2\repository\com\amazonaws\aws-java-sdk-detective\1.11.870\aws-java-sdk-detective-1.11.870.jar;C:\Users\5577\.m2\repository\com\amazonaws\aws-java-sdk-kinesisvideosignalingchannels\1.11.870\aws-java-sdk-kinesisvideosignalingchannels-1.11.870.jar;C:\Users\5577\.m2\repository\com\amazonaws\aws-java-sdk-ebs\1.11.870\aws-java-sdk-ebs-1.11.870.jar;C:\Users\5577\.m2\repository\com\amazonaws\aws-java-sdk-augmentedairuntime\1.11.870\aws-java-sdk-augmentedairuntime-1.11.870.jar;C:\Users\5577\.m2\repository\com\amazonaws\aws-java-sdk-outposts\1.11.870\aws-java-sdk-outposts-1.11.870.jar;C:\Users\5577\.m2\repository\com\amazonaws\aws-java-sdk-codeguruprofiler\1.11.870\aws-java-sdk-codeguruprofiler-1.11.870.jar;C:\Users\5577\.m2\repository\com\amazonaws\aws-java-sdk-codegurureviewer\1.11.870\aws-java-sdk-codegurureviewer-1.11.870.jar;C:\Users\5577\.m2\repository\com\amazonaws\aws-java-sdk-frauddetector\1.11.870\aws-java-sdk-frauddetector-1.11.870.jar;C:\Users\5577\.m2\repository\com\amazonaws\aws-java-sdk-kendra\1.11.870\aws-java-sdk-kendra-1.11.870.jar;C:\Users\5577\.m2\repository\com\amazonaws\aws-java-sdk-networkmanager\1.11.870\aws-java-sdk-networkmanager-1.11.870.jar;C:\Users\5577\.m2\repository\com\amazonaws\aws-java-sdk-computeoptimizer\1.11.870\aws-java-sdk-computeoptimizer-1.11.870.jar;C:\Users\5577\.m2\repository\com\amazonaws\aws-java-sdk-accessanalyzer\1.11.870\aws-java-sdk-accessanalyzer-1.11.870.jar;C:\Users\5577\.m2\repository\com\amazonaws\aws-java-sdk-schemas\1.11.870\aws-java-sdk-schemas-1.11.870.jar;C:\Users\5577\.m2\repository\com\amazonaws\aws-java-sdk-imagebuilder\1.11.870\aws-java-sdk-imagebuilder-1.11.870.jar;C:\Users\5577\.m2\repository\com\amazonaws\aws-java-sdk-elasticinference\1.11.870\aws-java-sdk-elasticinference-1.11.870.jar;C:\Users\5577\.m2\repository\com\amazonaws\aws-java-sdk-iotsecuretunneling\1.11.870\aws-java-sdk-iotsecuretunneling-1.11.870.jar;C:\Users\5577\.m2\repository\com\amazonaws\aws-java-sdk-appconfig\1.11.870\aws-java-sdk-appconfig-1.11.870.jar;C:\Users\5577\.m2\repository\com\amazonaws\aws-java-sdk-wafv2\1.11.870\aws-java-sdk-wafv2-1.11.870.jar;C:\Users\5577\.m2\repository\com\amazonaws\aws-java-sdk-connectparticipant\1.11.870\aws-java-sdk-connectparticipant-1.11.870.jar;C:\Users\5577\.m2\repository\com\amazonaws\aws-java-sdk-migrationhubconfig\1.11.870\aws-java-sdk-migrationhubconfig-1.11.870.jar;C:\Users\5577\.m2\repository\com\amazonaws\aws-java-sdk-dataexchange\1.11.870\aws-java-sdk-dataexchange-1.11.870.jar;C:\Users\5577\.m2\repository\com\amazonaws\aws-java-sdk-sesv2\1.11.870\aws-java-sdk-sesv2-1.11.870.jar;C:\Users\5577\.m2\repository\com\amazonaws\aws-java-sdk-marketplacecatalog\1.11.870\aws-java-sdk-marketplacecatalog-1.11.870.jar;C:\Users\5577\.m2\repository\com\amazonaws\aws-java-sdk-ssooidc\1.11.870\aws-java-sdk-ssooidc-1.11.870.jar;C:\Users\5577\.m2\repository\com\amazonaws\aws-java-sdk-sso\1.11.870\aws-java-sdk-sso-1.11.870.jar;C:\Users\5577\.m2\repository\com\amazonaws\aws-java-sdk-savingsplans\1.11.870\aws-java-sdk-savingsplans-1.11.870.jar;C:\Users\5577\.m2\repository\com\amazonaws\aws-java-sdk-codestarnotifications\1.11.870\aws-java-sdk-codestarnotifications-1.11.870.jar;C:\Users\5577\.m2\repository\com\amazonaws\aws-java-sdk-workmailmessageflow\1.11.870\aws-java-sdk-workmailmessageflow-1.11.870.jar;C:\Users\5577\.m2\repository\com\amazonaws\aws-java-sdk-qldbsession\1.11.870\aws-java-sdk-qldbsession-1.11.870.jar;C:\Users\5577\.m2\repository\com\amazonaws\aws-java-sdk-qldb\1.11.870\aws-java-sdk-qldb-1.11.870.jar;C:\Users\5577\.m2\repository\com\amazonaws\aws-java-sdk-forecastquery\1.11.870\aws-java-sdk-forecastquery-1.11.870.jar;C:\Users\5577\.m2\repository\com\amazonaws\aws-java-sdk-forecast\1.11.870\aws-java-sdk-forecast-1.11.870.jar;C:\Users\5577\.m2\repository\com\amazonaws\aws-java-sdk-lakeformation\1.11.870\aws-java-sdk-lakeformation-1.11.870.jar;C:\Users\5577\.m2\repository\com\amazonaws\aws-java-sdk-eventbridge\1.11.870\aws-java-sdk-eventbridge-1.11.870.jar;C:\Users\5577\.m2\repository\com\amazonaws\aws-java-sdk-ec2instanceconnect\1.11.870\aws-java-sdk-ec2instanceconnect-1.11.870.jar;C:\Users\5577\.m2\repository\com\amazonaws\aws-java-sdk-applicationinsights\1.11.870\aws-java-sdk-applicationinsights-1.11.870.jar;C:\Users\5577\.m2\repository\com\amazonaws\aws-java-sdk-servicequotas\1.11.870\aws-java-sdk-servicequotas-1.11.870.jar;C:\Users\5577\.m2\repository\com\amazonaws\aws-java-sdk-personalizeevents\1.11.870\aws-java-sdk-personalizeevents-1.11.870.jar;C:\Users\5577\.m2\repository\com\amazonaws\aws-java-sdk-personalize\1.11.870\aws-java-sdk-personalize-1.11.870.jar;C:\Users\5577\.m2\repository\com\amazonaws\aws-java-sdk-personalizeruntime\1.11.870\aws-java-sdk-personalizeruntime-1.11.870.jar;C:\Users\5577\.m2\repository\com\amazonaws\aws-java-sdk-ioteventsdata\1.11.870\aws-java-sdk-ioteventsdata-1.11.870.jar;C:\Users\5577\.m2\repository\com\amazonaws\aws-java-sdk-iotevents\1.11.870\aws-java-sdk-iotevents-1.11.870.jar;C:\Users\5577\.m2\repository\com\amazonaws\aws-java-sdk-iotthingsgraph\1.11.870\aws-java-sdk-iotthingsgraph-1.11.870.jar;C:\Users\5577\.m2\repository\com\amazonaws\aws-java-sdk-groundstation\1.11.870\aws-java-sdk-groundstation-1.11.870.jar;C:\Users\5577\.m2\repository\com\amazonaws\aws-java-sdk-mediapackagevod\1.11.870\aws-java-sdk-mediapackagevod-1.11.870.jar;C:\Users\5577\.m2\repository\com\amazonaws\aws-java-sdk-managedblockchain\1.11.870\aws-java-sdk-managedblockchain-1.11.870.jar;C:\Users\5577\.m2\repository\com\amazonaws\aws-java-sdk-textract\1.11.870\aws-java-sdk-textract-1.11.870.jar;C:\Users\5577\.m2\repository\com\amazonaws\aws-java-sdk-worklink\1.11.870\aws-java-sdk-worklink-1.11.870.jar;C:\Users\5577\.m2\repository\com\amazonaws\aws-java-sdk-backup\1.11.870\aws-java-sdk-backup-1.11.870.jar;C:\Users\5577\.m2\repository\com\amazonaws\aws-java-sdk-docdb\1.11.870\aws-java-sdk-docdb-1.11.870.jar;C:\Users\5577\.m2\repository\com\amazonaws\aws-java-sdk-apigatewayv2\1.11.870\aws-java-sdk-apigatewayv2-1.11.870.jar;C:\Users\5577\.m2\repository\com\amazonaws\aws-java-sdk-apigatewaymanagementapi\1.11.870\aws-java-sdk-apigatewaymanagementapi-1.11.870.jar;C:\Users\5577\.m2\repository\com\amazonaws\aws-java-sdk-kafka\1.11.870\aws-java-sdk-kafka-1.11.870.jar;C:\Users\5577\.m2\repository\com\amazonaws\aws-java-sdk-appmesh\1.11.870\aws-java-sdk-appmesh-1.11.870.jar;C:\Users\5577\.m2\repository\com\amazonaws\aws-java-sdk-licensemanager\1.11.870\aws-java-sdk-licensemanager-1.11.870.jar;C:\Users\5577\.m2\repository\com\amazonaws\aws-java-sdk-securityhub\1.11.870\aws-java-sdk-securityhub-1.11.870.jar;C:\Users\5577\.m2\repository\com\amazonaws\aws-java-sdk-fsx\1.11.870\aws-java-sdk-fsx-1.11.870.jar;C:\Users\5577\.m2\repository\com\amazonaws\aws-java-sdk-mediaconnect\1.11.870\aws-java-sdk-mediaconnect-1.11.870.jar;C:\Users\5577\.m2\repository\com\amazonaws\aws-java-sdk-kinesisanalyticsv2\1.11.870\aws-java-sdk-kinesisanalyticsv2-1.11.870.jar;C:\Users\5577\.m2\repository\com\amazonaws\aws-java-sdk-comprehendmedical\1.11.870\aws-java-sdk-comprehendmedical-1.11.870.jar;C:\Users\5577\.m2\repository\com\amazonaws\aws-java-sdk-globalaccelerator\1.11.870\aws-java-sdk-globalaccelerator-1.11.870.jar;C:\Users\5577\.m2\repository\com\amazonaws\aws-java-sdk-transfer\1.11.870\aws-java-sdk-transfer-1.11.870.jar;C:\Users\5577\.m2\repository\com\amazonaws\aws-java-sdk-datasync\1.11.870\aws-java-sdk-datasync-1.11.870.jar;C:\Users\5577\.m2\repository\com\amazonaws\aws-java-sdk-robomaker\1.11.870\aws-java-sdk-robomaker-1.11.870.jar;C:\Users\5577\.m2\repository\com\amazonaws\aws-java-sdk-amplify\1.11.870\aws-java-sdk-amplify-1.11.870.jar;C:\Users\5577\.m2\repository\com\amazonaws\aws-java-sdk-quicksight\1.11.870\aws-java-sdk-quicksight-1.11.870.jar;C:\Users\5577\.m2\repository\com\amazonaws\aws-java-sdk-rdsdata\1.11.870\aws-java-sdk-rdsdata-1.11.870.jar;C:\Users\5577\.m2\repository\com\amazonaws\aws-java-sdk-route53resolver\1.11.870\aws-java-sdk-route53resolver-1.11.870.jar;C:\Users\5577\.m2\repository\com\amazonaws\aws-java-sdk-ram\1.11.870\aws-java-sdk-ram-1.11.870.jar;C:\Users\5577\.m2\repository\com\amazonaws\aws-java-sdk-s3control\1.11.870\aws-java-sdk-s3control-1.11.870.jar;C:\Users\5577\.m2\repository\com\amazonaws\aws-java-sdk-pinpointsmsvoice\1.11.870\aws-java-sdk-pinpointsmsvoice-1.11.870.jar;C:\Users\5577\.m2\repository\com\amazonaws\aws-java-sdk-pinpointemail\1.11.870\aws-java-sdk-pinpointemail-1.11.870.jar;C:\Users\5577\.m2\repository\com\amazonaws\aws-java-sdk-chime\1.11.870\aws-java-sdk-chime-1.11.870.jar;C:\Users\5577\.m2\repository\com\amazonaws\aws-java-sdk-signer\1.11.870\aws-java-sdk-signer-1.11.870.jar;C:\Users\5577\.m2\repository\com\amazonaws\aws-java-sdk-dlm\1.11.870\aws-java-sdk-dlm-1.11.870.jar;C:\Users\5577\.m2\repository\com\amazonaws\aws-java-sdk-macie\1.11.870\aws-java-sdk-macie-1.11.870.jar;C:\Users\5577\.m2\repository\com\amazonaws\aws-java-sdk-eks\1.11.870\aws-java-sdk-eks-1.11.870.jar;C:\Users\5577\.m2\repository\com\amazonaws\aws-java-sdk-mediatailor\1.11.870\aws-java-sdk-mediatailor-1.11.870.jar;C:\Users\5577\.m2\repository\com\amazonaws\aws-java-sdk-neptune\1.11.870\aws-java-sdk-neptune-1.11.870.jar;C:\Users\5577\.m2\repository\com\amazonaws\aws-java-sdk-pi\1.11.870\aws-java-sdk-pi-1.11.870.jar;C:\Users\5577\.m2\repository\com\amazonaws\aws-java-sdk-iot1clickprojects\1.11.870\aws-java-sdk-iot1clickprojects-1.11.870.jar;C:\Users\5577\.m2\repository\com\amazonaws\aws-java-sdk-iot1clickdevices\1.11.870\aws-java-sdk-iot1clickdevices-1.11.870.jar;C:\Users\5577\.m2\repository\com\amazonaws\aws-java-sdk-iotanalytics\1.11.870\aws-java-sdk-iotanalytics-1.11.870.jar;C:\Users\5577\.m2\repository\com\amazonaws\aws-java-sdk-acmpca\1.11.870\aws-java-sdk-acmpca-1.11.870.jar;C:\Users\5577\.m2\repository\com\amazonaws\aws-java-sdk-secretsmanager\1.11.870\aws-java-sdk-secretsmanager-1.11.870.jar;C:\Users\5577\.m2\repository\com\amazonaws\aws-java-sdk-fms\1.11.870\aws-java-sdk-fms-1.11.870.jar;C:\Users\5577\.m2\repository\com\amazonaws\aws-java-sdk-connect\1.11.870\aws-java-sdk-connect-1.11.870.jar;C:\Users\5577\.m2\repository\com\amazonaws\aws-java-sdk-transcribe\1.11.870\aws-java-sdk-transcribe-1.11.870.jar;C:\Users\5577\.m2\repository\com\amazonaws\aws-java-sdk-autoscalingplans\1.11.870\aws-java-sdk-autoscalingplans-1.11.870.jar;C:\Users\5577\.m2\repository\com\amazonaws\aws-java-sdk-workmail\1.11.870\aws-java-sdk-workmail-1.11.870.jar;C:\Users\5577\.m2\repository\com\amazonaws\aws-java-sdk-servicediscovery\1.11.870\aws-java-sdk-servicediscovery-1.11.870.jar;C:\Users\5577\.m2\repository\com\amazonaws\aws-java-sdk-cloud9\1.11.870\aws-java-sdk-cloud9-1.11.870.jar;C:\Users\5577\.m2\repository\com\amazonaws\aws-java-sdk-serverlessapplicationrepository\1.11.870\aws-java-sdk-serverlessapplicationrepository-1.11.870.jar;C:\Users\5577\.m2\repository\com\amazonaws\aws-java-sdk-alexaforbusiness\1.11.870\aws-java-sdk-alexaforbusiness-1.11.870.jar;C:\Users\5577\.m2\repository\com\amazonaws\aws-java-sdk-resourcegroups\1.11.870\aws-java-sdk-resourcegroups-1.11.870.jar;C:\Users\5577\.m2\repository\com\amazonaws\aws-java-sdk-comprehend\1.11.870\aws-java-sdk-comprehend-1.11.870.jar;C:\Users\5577\.m2\repository\com\amazonaws\aws-java-sdk-translate\1.11.870\aws-java-sdk-translate-1.11.870.jar;C:\Users\5577\.m2\repository\com\amazonaws\aws-java-sdk-sagemaker\1.11.870\aws-java-sdk-sagemaker-1.11.870.jar;C:\Users\5577\.m2\repository\com\amazonaws\aws-java-sdk-iotjobsdataplane\1.11.870\aws-java-sdk-iotjobsdataplane-1.11.870.jar;C:\Users\5577\.m2\repository\com\amazonaws\aws-java-sdk-sagemakerruntime\1.11.870\aws-java-sdk-sagemakerruntime-1.11.870.jar;C:\Users\5577\.m2\repository\com\amazonaws\aws-java-sdk-kinesisvideo\1.11.870\aws-java-sdk-kinesisvideo-1.11.870.jar;C:\Users\5577\.m2\repository\io\netty\netty-codec-http\4.1.52.Final\netty-codec-http-4.1.52.Final.jar;C:\Users\5577\.m2\repository\io\netty\netty-handler\4.1.52.Final\netty-handler-4.1.52.Final.jar;C:\Users\5577\.m2\repository\io\netty\netty-resolver\4.1.52.Final\netty-resolver-4.1.52.Final.jar;C:\Users\5577\.m2\repository\com\amazonaws\aws-java-sdk-appsync\1.11.870\aws-java-sdk-appsync-1.11.870.jar;C:\Users\5577\.m2\repository\com\amazonaws\aws-java-sdk-guardduty\1.11.870\aws-java-sdk-guardduty-1.11.870.jar;C:\Users\5577\.m2\repository\com\amazonaws\aws-java-sdk-mq\1.11.870\aws-java-sdk-mq-1.11.870.jar;C:\Users\5577\.m2\repository\com\amazonaws\aws-java-sdk-mediaconvert\1.11.870\aws-java-sdk-mediaconvert-1.11.870.jar;C:\Users\5577\.m2\repository\com\amazonaws\aws-java-sdk-mediastore\1.11.870\aws-java-sdk-mediastore-1.11.870.jar;C:\Users\5577\.m2\repository\com\amazonaws\aws-java-sdk-mediastoredata\1.11.870\aws-java-sdk-mediastoredata-1.11.870.jar;C:\Users\5577\.m2\repository\com\amazonaws\aws-java-sdk-medialive\1.11.870\aws-java-sdk-medialive-1.11.870.jar;C:\Users\5577\.m2\repository\com\amazonaws\aws-java-sdk-mediapackage\1.11.870\aws-java-sdk-mediapackage-1.11.870.jar;C:\Users\5577\.m2\repository\com\amazonaws\aws-java-sdk-costexplorer\1.11.870\aws-java-sdk-costexplorer-1.11.870.jar;C:\Users\5577\.m2\repository\com\amazonaws\aws-java-sdk-pricing\1.11.870\aws-java-sdk-pricing-1.11.870.jar;C:\Users\5577\.m2\repository\com\amazonaws\aws-java-sdk-mobile\1.11.870\aws-java-sdk-mobile-1.11.870.jar;C:\Users\5577\.m2\repository\com\amazonaws\aws-java-sdk-cloudhsmv2\1.11.870\aws-java-sdk-cloudhsmv2-1.11.870.jar;C:\Users\5577\.m2\repository\com\amazonaws\aws-java-sdk-glue\1.11.870\aws-java-sdk-glue-1.11.870.jar;C:\Users\5577\.m2\repository\com\amazonaws\aws-java-sdk-migrationhub\1.11.870\aws-java-sdk-migrationhub-1.11.870.jar;C:\Users\5577\.m2\repository\com\amazonaws\aws-java-sdk-dax\1.11.870\aws-java-sdk-dax-1.11.870.jar;C:\Users\5577\.m2\repository\com\amazonaws\aws-java-sdk-greengrass\1.11.870\aws-java-sdk-greengrass-1.11.870.jar;C:\Users\5577\.m2\repository\com\amazonaws\aws-java-sdk-athena\1.11.870\aws-java-sdk-athena-1.11.870.jar;C:\Users\5577\.m2\repository\com\amazonaws\aws-java-sdk-marketplaceentitlement\1.11.870\aws-java-sdk-marketplaceentitlement-1.11.870.jar;C:\Users\5577\.m2\repository\com\amazonaws\aws-java-sdk-codestar\1.11.870\aws-java-sdk-codestar-1.11.870.jar;C:\Users\5577\.m2\repository\com\amazonaws\aws-java-sdk-lexmodelbuilding\1.11.870\aws-java-sdk-lexmodelbuilding-1.11.870.jar;C:\Users\5577\.m2\repository\com\amazonaws\aws-java-sdk-resourcegroupstaggingapi\1.11.870\aws-java-sdk-resourcegroupstaggingapi-1.11.870.jar;C:\Users\5577\.m2\repository\com\amazonaws\aws-java-sdk-pinpoint\1.11.870\aws-java-sdk-pinpoint-1.11.870.jar;C:\Users\5577\.m2\repository\com\amazonaws\aws-java-sdk-xray\1.11.870\aws-java-sdk-xray-1.11.870.jar;C:\Users\5577\.m2\repository\com\amazonaws\aws-java-sdk-opsworkscm\1.11.870\aws-java-sdk-opsworkscm-1.11.870.jar;C:\Users\5577\.m2\repository\com\amazonaws\aws-java-sdk-support\1.11.870\aws-java-sdk-support-1.11.870.jar;C:\Users\5577\.m2\repository\com\amazonaws\aws-java-sdk-simpledb\1.11.870\aws-java-sdk-simpledb-1.11.870.jar;C:\Users\5577\.m2\repository\com\amazonaws\aws-java-sdk-servicecatalog\1.11.870\aws-java-sdk-servicecatalog-1.11.870.jar;C:\Users\5577\.m2\repository\com\amazonaws\aws-java-sdk-servermigration\1.11.870\aws-java-sdk-servermigration-1.11.870.jar;C:\Users\5577\.m2\repository\com\amazonaws\aws-java-sdk-simpleworkflow\1.11.870\aws-java-sdk-simpleworkflow-1.11.870.jar;C:\Users\5577\.m2\repository\com\amazonaws\aws-java-sdk-storagegateway\1.11.870\aws-java-sdk-storagegateway-1.11.870.jar;C:\Users\5577\.m2\repository\com\amazonaws\aws-java-sdk-route53\1.11.870\aws-java-sdk-route53-1.11.870.jar;C:\Users\5577\.m2\repository\com\amazonaws\aws-java-sdk-s3\1.11.870\aws-java-sdk-s3-1.11.870.jar;C:\Users\5577\.m2\repository\com\amazonaws\aws-java-sdk-importexport\1.11.870\aws-java-sdk-importexport-1.11.870.jar;C:\Users\5577\.m2\repository\com\amazonaws\aws-java-sdk-sts\1.11.870\aws-java-sdk-sts-1.11.870.jar;C:\Users\5577\.m2\repository\com\amazonaws\aws-java-sdk-sqs\1.11.870\aws-java-sdk-sqs-1.11.870.jar;C:\Users\5577\.m2\repository\com\amazonaws\aws-java-sdk-rds\1.11.870\aws-java-sdk-rds-1.11.870.jar;C:\Users\5577\.m2\repository\com\amazonaws\aws-java-sdk-redshift\1.11.870\aws-java-sdk-redshift-1.11.870.jar;C:\Users\5577\.m2\repository\com\amazonaws\aws-java-sdk-elasticbeanstalk\1.11.870\aws-java-sdk-elasticbeanstalk-1.11.870.jar;C:\Users\5577\.m2\repository\com\amazonaws\aws-java-sdk-glacier\1.11.870\aws-java-sdk-glacier-1.11.870.jar;C:\Users\5577\.m2\repository\com\amazonaws\aws-java-sdk-iam\1.11.870\aws-java-sdk-iam-1.11.870.jar;C:\Users\5577\.m2\repository\com\amazonaws\aws-java-sdk-datapipeline\1.11.870\aws-java-sdk-datapipeline-1.11.870.jar;C:\Users\5577\.m2\repository\com\amazonaws\aws-java-sdk-elasticloadbalancing\1.11.870\aws-java-sdk-elasticloadbalancing-1.11.870.jar;C:\Users\5577\.m2\repository\com\amazonaws\aws-java-sdk-elasticloadbalancingv2\1.11.870\aws-java-sdk-elasticloadbalancingv2-1.11.870.jar;C:\Users\5577\.m2\repository\com\amazonaws\aws-java-sdk-emr\1.11.870\aws-java-sdk-emr-1.11.870.jar;C:\Users\5577\.m2\repository\com\amazonaws\aws-java-sdk-elasticache\1.11.870\aws-java-sdk-elasticache-1.11.870.jar;C:\Users\5577\.m2\repository\com\amazonaws\aws-java-sdk-elastictranscoder\1.11.870\aws-java-sdk-elastictranscoder-1.11.870.jar;C:\Users\5577\.m2\repository\com\amazonaws\aws-java-sdk-ec2\1.11.870\aws-java-sdk-ec2-1.11.870.jar;C:\Users\5577\.m2\repository\com\amazonaws\aws-java-sdk-dynamodb\1.11.870\aws-java-sdk-dynamodb-1.11.870.jar;C:\Users\5577\.m2\repository\com\amazonaws\aws-java-sdk-sns\1.11.870\aws-java-sdk-sns-1.11.870.jar;C:\Users\5577\.m2\repository\com\amazonaws\aws-java-sdk-budgets\1.11.870\aws-java-sdk-budgets-1.11.870.jar;C:\Users\5577\.m2\repository\com\amazonaws\aws-java-sdk-cloudtrail\1.11.870\aws-java-sdk-cloudtrail-1.11.870.jar;C:\Users\5577\.m2\repository\com\amazonaws\aws-java-sdk-cloudwatch\1.11.870\aws-java-sdk-cloudwatch-1.11.870.jar;C:\Users\5577\.m2\repository\com\amazonaws\aws-java-sdk-logs\1.11.870\aws-java-sdk-logs-1.11.870.jar;C:\Users\5577\.m2\repository\com\amazonaws\aws-java-sdk-events\1.11.870\aws-java-sdk-events-1.11.870.jar;C:\Users\5577\.m2\repository\com\amazonaws\aws-java-sdk-cognitoidentity\1.11.870\aws-java-sdk-cognitoidentity-1.11.870.jar;C:\Users\5577\.m2\repository\com\amazonaws\aws-java-sdk-cognitosync\1.11.870\aws-java-sdk-cognitosync-1.11.870.jar;C:\Users\5577\.m2\repository\com\amazonaws\aws-java-sdk-directconnect\1.11.870\aws-java-sdk-directconnect-1.11.870.jar;C:\Users\5577\.m2\repository\com\amazonaws\aws-java-sdk-cloudformation\1.11.870\aws-java-sdk-cloudformation-1.11.870.jar;C:\Users\5577\.m2\repository\com\amazonaws\aws-java-sdk-cloudfront\1.11.870\aws-java-sdk-cloudfront-1.11.870.jar;C:\Users\5577\.m2\repository\com\amazonaws\aws-java-sdk-clouddirectory\1.11.870\aws-java-sdk-clouddirectory-1.11.870.jar;C:\Users\5577\.m2\repository\com\amazonaws\aws-java-sdk-kinesis\1.11.870\aws-java-sdk-kinesis-1.11.870.jar;C:\Users\5577\.m2\repository\com\amazonaws\aws-java-sdk-opsworks\1.11.870\aws-java-sdk-opsworks-1.11.870.jar;C:\Users\5577\.m2\repository\com\amazonaws\aws-java-sdk-ses\1.11.870\aws-java-sdk-ses-1.11.870.jar;C:\Users\5577\.m2\repository\com\amazonaws\aws-java-sdk-autoscaling\1.11.870\aws-java-sdk-autoscaling-1.11.870.jar;C:\Users\5577\.m2\repository\com\amazonaws\aws-java-sdk-cloudsearch\1.11.870\aws-java-sdk-cloudsearch-1.11.870.jar;C:\Users\5577\.m2\repository\com\amazonaws\aws-java-sdk-cloudwatchmetrics\1.11.870\aws-java-sdk-cloudwatchmetrics-1.11.870.jar;C:\Users\5577\.m2\repository\com\amazonaws\aws-java-sdk-codedeploy\1.11.870\aws-java-sdk-codedeploy-1.11.870.jar;C:\Users\5577\.m2\repository\com\amazonaws\aws-java-sdk-codepipeline\1.11.870\aws-java-sdk-codepipeline-1.11.870.jar;C:\Users\5577\.m2\repository\com\amazonaws\aws-java-sdk-kms\1.11.870\aws-java-sdk-kms-1.11.870.jar;C:\Users\5577\.m2\repository\com\amazonaws\aws-java-sdk-config\1.11.870\aws-java-sdk-config-1.11.870.jar;C:\Users\5577\.m2\repository\com\amazonaws\aws-java-sdk-lambda\1.11.870\aws-java-sdk-lambda-1.11.870.jar;C:\Users\5577\.m2\repository\com\amazonaws\aws-java-sdk-ecs\1.11.870\aws-java-sdk-ecs-1.11.870.jar;C:\Users\5577\.m2\repository\com\amazonaws\aws-java-sdk-ecr\1.11.870\aws-java-sdk-ecr-1.11.870.jar;C:\Users\5577\.m2\repository\com\amazonaws\aws-java-sdk-cloudhsm\1.11.870\aws-java-sdk-cloudhsm-1.11.870.jar;C:\Users\5577\.m2\repository\com\amazonaws\aws-java-sdk-ssm\1.11.870\aws-java-sdk-ssm-1.11.870.jar;C:\Users\5577\.m2\repository\com\amazonaws\aws-java-sdk-workspaces\1.11.870\aws-java-sdk-workspaces-1.11.870.jar;C:\Users\5577\.m2\repository\com\amazonaws\aws-java-sdk-machinelearning\1.11.870\aws-java-sdk-machinelearning-1.11.870.jar;C:\Users\5577\.m2\repository\com\amazonaws\aws-java-sdk-directory\1.11.870\aws-java-sdk-directory-1.11.870.jar;C:\Users\5577\.m2\repository\com\amazonaws\aws-java-sdk-efs\1.11.870\aws-java-sdk-efs-1.11.870.jar;C:\Users\5577\.m2\repository\com\amazonaws\aws-java-sdk-codecommit\1.11.870\aws-java-sdk-codecommit-1.11.870.jar;C:\Users\5577\.m2\repository\com\amazonaws\aws-java-sdk-devicefarm\1.11.870\aws-java-sdk-devicefarm-1.11.870.jar;C:\Users\5577\.m2\repository\com\amazonaws\aws-java-sdk-elasticsearch\1.11.870\aws-java-sdk-elasticsearch-1.11.870.jar;C:\Users\5577\.m2\repository\com\amazonaws\aws-java-sdk-waf\1.11.870\aws-java-sdk-waf-1.11.870.jar;C:\Users\5577\.m2\repository\com\amazonaws\aws-java-sdk-marketplacecommerceanalytics\1.11.870\aws-java-sdk-marketplacecommerceanalytics-1.11.870.jar;C:\Users\5577\.m2\repository\com\amazonaws\aws-java-sdk-inspector\1.11.870\aws-java-sdk-inspector-1.11.870.jar;C:\Users\5577\.m2\repository\com\amazonaws\aws-java-sdk-iot\1.11.870\aws-java-sdk-iot-1.11.870.jar;C:\Users\5577\.m2\repository\com\amazonaws\aws-java-sdk-api-gateway\1.11.870\aws-java-sdk-api-gateway-1.11.870.jar;C:\Users\5577\.m2\repository\com\amazonaws\aws-java-sdk-acm\1.11.870\aws-java-sdk-acm-1.11.870.jar;C:\Users\5577\.m2\repository\com\amazonaws\aws-java-sdk-gamelift\1.11.870\aws-java-sdk-gamelift-1.11.870.jar;C:\Users\5577\.m2\repository\com\amazonaws\aws-java-sdk-dms\1.11.870\aws-java-sdk-dms-1.11.870.jar;C:\Users\5577\.m2\repository\com\amazonaws\aws-java-sdk-marketplacemeteringservice\1.11.870\aws-java-sdk-marketplacemeteringservice-1.11.870.jar;C:\Users\5577\.m2\repository\com\amazonaws\aws-java-sdk-cognitoidp\1.11.870\aws-java-sdk-cognitoidp-1.11.870.jar;C:\Users\5577\.m2\repository\com\amazonaws\aws-java-sdk-discovery\1.11.870\aws-java-sdk-discovery-1.11.870.jar;C:\Users\5577\.m2\repository\com\amazonaws\aws-java-sdk-applicationautoscaling\1.11.870\aws-java-sdk-applicationautoscaling-1.11.870.jar;C:\Users\5577\.m2\repository\com\amazonaws\aws-java-sdk-snowball\1.11.870\aws-java-sdk-snowball-1.11.870.jar;C:\Users\5577\.m2\repository\com\amazonaws\aws-java-sdk-rekognition\1.11.870\aws-java-sdk-rekognition-1.11.870.jar;C:\Users\5577\.m2\repository\com\amazonaws\aws-java-sdk-polly\1.11.870\aws-java-sdk-polly-1.11.870.jar;C:\Users\5577\.m2\repository\com\amazonaws\aws-java-sdk-lightsail\1.11.870\aws-java-sdk-lightsail-1.11.870.jar;C:\Users\5577\.m2\repository\com\amazonaws\aws-java-sdk-stepfunctions\1.11.870\aws-java-sdk-stepfunctions-1.11.870.jar;C:\Users\5577\.m2\repository\com\amazonaws\aws-java-sdk-health\1.11.870\aws-java-sdk-health-1.11.870.jar;C:\Users\5577\.m2\repository\com\amazonaws\aws-java-sdk-costandusagereport\1.11.870\aws-java-sdk-costandusagereport-1.11.870.jar;C:\Users\5577\.m2\repository\com\amazonaws\aws-java-sdk-codebuild\1.11.870\aws-java-sdk-codebuild-1.11.870.jar;C:\Users\5577\.m2\repository\com\amazonaws\aws-java-sdk-appstream\1.11.870\aws-java-sdk-appstream-1.11.870.jar;C:\Users\5577\.m2\repository\com\amazonaws\aws-java-sdk-shield\1.11.870\aws-java-sdk-shield-1.11.870.jar;C:\Users\5577\.m2\repository\com\amazonaws\aws-java-sdk-batch\1.11.870\aws-java-sdk-batch-1.11.870.jar;C:\Users\5577\.m2\repository\com\amazonaws\aws-java-sdk-lex\1.11.870\aws-java-sdk-lex-1.11.870.jar;C:\Users\5577\.m2\repository\com\amazonaws\aws-java-sdk-mechanicalturkrequester\1.11.870\aws-java-sdk-mechanicalturkrequester-1.11.870.jar;C:\Users\5577\.m2\repository\com\amazonaws\aws-java-sdk-organizations\1.11.870\aws-java-sdk-organizations-1.11.870.jar;C:\Users\5577\.m2\repository\com\amazonaws\aws-java-sdk-workdocs\1.11.870\aws-java-sdk-workdocs-1.11.870.jar;C:\Users\5577\.m2\repository\com\amazonaws\aws-java-sdk-core\1.11.870\aws-java-sdk-core-1.11.870.jar;C:\Users\5577\.m2\repository\commons-logging\commons-logging\1.1.3\commons-logging-1.1.3.jar;C:\Users\5577\.m2\repository\org\apache\httpcomponents\httpclient\4.5.12\httpclient-4.5.12.jar;C:\Users\5577\.m2\repository\commons-codec\commons-codec\1.14\commons-codec-1.14.jar;C:\Users\5577\.m2\repository\software\amazon\ion\ion-java\1.0.2\ion-java-1.0.2.jar;C:\Users\5577\.m2\repository\com\fasterxml\jackson\dataformat\jackson-dataformat-cbor\2.11.2\jackson-dataformat-cbor-2.11.2.jar;C:\Users\5577\.m2\repository\joda-time\joda-time\2.8.1\joda-time-2.8.1.jar;C:\Users\5577\.m2\repository\com\amazonaws\aws-java-sdk-models\1.11.870\aws-java-sdk-models-1.11.870.jar;C:\Users\5577\.m2\repository\com\amazonaws\aws-java-sdk-swf-libraries\1.11.22\aws-java-sdk-swf-libraries-1.11.22.jar;C:\Users\5577\.m2\repository\software\amazon\awssdk\cognitoidentity\2.15.14\cognitoidentity-2.15.14.jar;C:\Users\5577\.m2\repository\software\amazon\awssdk\aws-json-protocol\2.15.14\aws-json-protocol-2.15.14.jar;C:\Users\5577\.m2\repository\com\fasterxml\jackson\core\jackson-core\2.11.2\jackson-core-2.11.2.jar;C:\Users\5577\.m2\repository\software\amazon\awssdk\protocol-core\2.15.14\protocol-core-2.15.14.jar;C:\Users\5577\.m2\repository\software\amazon\awssdk\sdk-core\2.15.14\sdk-core-2.15.14.jar;C:\Users\5577\.m2\repository\software\amazon\awssdk\profiles\2.15.14\profiles-2.15.14.jar;C:\Users\5577\.m2\repository\org\slf4j\slf4j-api\1.7.30\slf4j-api-1.7.30.jar;C:\Users\5577\.m2\repository\org\reactivestreams\reactive-streams\1.0.3\reactive-streams-1.0.3.jar;C:\Users\5577\.m2\repository\software\amazon\awssdk\auth\2.15.14\auth-2.15.14.jar;C:\Users\5577\.m2\repository\software\amazon\eventstream\eventstream\1.0.1\eventstream-1.0.1.jar;C:\Users\5577\.m2\repository\software\amazon\awssdk\http-client-spi\2.15.14\http-client-spi-2.15.14.jar;C:\Users\5577\.m2\repository\software\amazon\awssdk\regions\2.15.14\regions-2.15.14.jar;C:\Users\5577\.m2\repository\com\fasterxml\jackson\core\jackson-annotations\2.11.2\jackson-annotations-2.11.2.jar;C:\Users\5577\.m2\repository\software\amazon\awssdk\annotations\2.15.14\annotations-2.15.14.jar;C:\Users\5577\.m2\repository\software\amazon\awssdk\utils\2.15.14\utils-2.15.14.jar;C:\Users\5577\.m2\repository\software\amazon\awssdk\aws-core\2.15.14\aws-core-2.15.14.jar;C:\Users\5577\.m2\repository\software\amazon\awssdk\metrics-spi\2.15.14\metrics-spi-2.15.14.jar;C:\Users\5577\.m2\repository\software\amazon\awssdk\apache-client\2.15.14\apache-client-2.15.14.jar;C:\Users\5577\.m2\repository\org\apache\httpcomponents\httpcore\4.4.13\httpcore-4.4.13.jar;C:\Users\5577\.m2\repository\software\amazon\awssdk\netty-nio-client\2.15.14\netty-nio-client-2.15.14.jar;C:\Users\5577\.m2\repository\io\netty\netty-codec-http2\4.1.52.Final\netty-codec-http2-4.1.52.Final.jar;C:\Users\5577\.m2\repository\io\netty\netty-codec\4.1.52.Final\netty-codec-4.1.52.Final.jar;C:\Users\5577\.m2\repository\io\netty\netty-transport\4.1.52.Final\netty-transport-4.1.52.Final.jar;C:\Users\5577\.m2\repository\io\netty\netty-common\4.1.52.Final\netty-common-4.1.52.Final.jar;C:\Users\5577\.m2\repository\io\netty\netty-buffer\4.1.52.Final\netty-buffer-4.1.52.Final.jar;C:\Users\5577\.m2\repository\io\netty\netty-transport-native-epoll\4.1.52.Final\netty-transport-native-epoll-4.1.52.Final-linux-x86_64.jar;C:\Users\5577\.m2\repository\io\netty\netty-transport-native-unix-common\4.1.52.Final\netty-transport-native-unix-common-4.1.52.Final.jar;C:\Users\5577\.m2\repository\com\typesafe\netty\netty-reactive-streams-http\2.0.4\netty-reactive-streams-http-2.0.4.jar;C:\Users\5577\.m2\repository\com\typesafe\netty\netty-reactive-streams\2.0.4\netty-reactive-streams-2.0.4.jar;C:\Users\5577\.m2\repository\software\amazon\awssdk\cognitoidentityprovider\2.15.14\cognitoidentityprovider-2.15.14.jar;C:\Users\5577\.m2\repository\org\springframework\boot\spring-boot-starter-tomcat\2.3.4.RELEASE\spring-boot-starter-tomcat-2.3.4.RELEASE.jar;C:\Users\5577\.m2\repository\jakarta\annotation\jakarta.annotation-api\1.3.5\jakarta.annotation-api-1.3.5.jar;C:\Users\5577\.m2\repository\org\apache\tomcat\embed\tomcat-embed-core\9.0.38\tomcat-embed-core-9.0.38.jar;C:\Users\5577\.m2\repository\org\apache\tomcat\embed\tomcat-embed-websocket\9.0.38\tomcat-embed-websocket-9.0.38.jar;C:\Users\5577\.m2\repository\org\apache\tomcat\embed\tomcat-embed-jasper\9.0.38\tomcat-embed-jasper-9.0.38.jar;C:\Users\5577\.m2\repository\org\apache\tomcat\embed\tomcat-embed-el\9.0.38\tomcat-embed-el-9.0.38.jar;C:\Users\5577\.m2\repository\org\eclipse\jdt\ecj\3.18.0\ecj-3.18.0.jar;C:\Users\5577\.m2\repository\org\springframework\boot\spring-boot-starter-thymeleaf\2.3.4.RELEASE\spring-boot-starter-thymeleaf-2.3.4.RELEASE.jar;C:\Users\5577\.m2\repository\org\thymeleaf\thymeleaf-spring5\3.0.11.RELEASE\thymeleaf-spring5-3.0.11.RELEASE.jar;C:\Users\5577\.m2\repository\org\thymeleaf\thymeleaf\3.0.11.RELEASE\thymeleaf-3.0.11.RELEASE.jar;C:\Users\5577\.m2\repository\org\attoparser\attoparser\2.0.5.RELEASE\attoparser-2.0.5.RELEASE.jar;C:\Users\5577\.m2\repository\org\unbescape\unbescape\1.1.6.RELEASE\unbescape-1.1.6.RELEASE.jar;C:\Users\5577\.m2\repository\org\thymeleaf\extras\thymeleaf-extras-java8time\3.0.4.RELEASE\thymeleaf-extras-java8time-3.0.4.RELEASE.jar;C:\Users\5577\.m2\repository\org\springframework\boot\spring-boot-starter-test\2.3.4.RELEASE\spring-boot-starter-test-2.3.4.RELEASE.jar;C:\Users\5577\.m2\repository\org\springframework\boot\spring-boot-test\2.3.4.RELEASE\spring-boot-test-2.3.4.RELEASE.jar;C:\Users\5577\.m2\repository\org\springframework\boot\spring-boot-test-autoconfigure\2.3.4.RELEASE\spring-boot-test-autoconfigure-2.3.4.RELEASE.jar;C:\Users\5577\.m2\repository\com\jayway\jsonpath\json-path\2.4.0\json-path-2.4.0.jar;C:\Users\5577\.m2\repository\net\minidev\json-smart\2.3\json-smart-2.3.jar;C:\Users\5577\.m2\repository\net\minidev\accessors-smart\1.2\accessors-smart-1.2.jar;C:\Users\5577\.m2\repository\org\ow2\asm\asm\5.0.4\asm-5.0.4.jar;C:\Users\5577\.m2\repository\jakarta\xml\bind\jakarta.xml.bind-api\2.3.3\jakarta.xml.bind-api-2.3.3.jar;C:\Users\5577\.m2\repository\jakarta\activation\jakarta.activation-api\1.2.2\jakarta.activation-api-1.2.2.jar;C:\Users\5577\.m2\repository\org\assertj\assertj-core\3.16.1\assertj-core-3.16.1.jar;C:\Users\5577\.m2\repository\org\hamcrest\hamcrest\2.2\hamcrest-2.2.jar;C:\Users\5577\.m2\repository\org\junit\jupiter\junit-jupiter\5.6.2\junit-jupiter-5.6.2.jar;C:\Users\5577\.m2\repository\org\junit\jupiter\junit-jupiter-api\5.6.2\junit-jupiter-api-5.6.2.jar;C:\Users\5577\.m2\repository\org\apiguardian\apiguardian-api\1.1.0\apiguardian-api-1.1.0.jar;C:\Users\5577\.m2\repository\org\opentest4j\opentest4j\1.2.0\opentest4j-1.2.0.jar;C:\Users\5577\.m2\repository\org\junit\platform\junit-platform-commons\1.6.2\junit-platform-commons-1.6.2.jar;C:\Users\5577\.m2\repository\org\junit\jupiter\junit-jupiter-params\5.6.2\junit-jupiter-params-5.6.2.jar;C:\Users\5577\.m2\repository\org\junit\jupiter\junit-jupiter-engine\5.6.2\junit-jupiter-engine-5.6.2.jar;C:\Users\5577\.m2\repository\org\junit\platform\junit-platform-engine\1.6.2\junit-platform-engine-1.6.2.jar;C:\Users\5577\.m2\repository\org\mockito\mockito-core\3.3.3\mockito-core-3.3.3.jar;C:\Users\5577\.m2\repository\net\bytebuddy\byte-buddy\1.10.14\byte-buddy-1.10.14.jar;C:\Users\5577\.m2\repository\net\bytebuddy\byte-buddy-agent\1.10.14\byte-buddy-agent-1.10.14.jar;C:\Users\5577\.m2\repository\org\objenesis\objenesis\2.6\objenesis-2.6.jar;C:\Users\5577\.m2\repository\org\mockito\mockito-junit-jupiter\3.3.3\mockito-junit-jupiter-3.3.3.jar;C:\Users\5577\.m2\repository\org\skyscreamer\jsonassert\1.5.0\jsonassert-1.5.0.jar;C:\Users\5577\.m2\repository\com\vaadin\external\google\android-json\0.0.20131108.vaadin1\android-json-0.0.20131108.vaadin1.jar;C:\Users\5577\.m2\repository\org\springframework\spring-core\5.2.9.RELEASE\spring-core-5.2.9.RELEASE.jar;C:\Users\5577\.m2\repository\org\springframework\spring-jcl\5.2.9.RELEASE\spring-jcl-5.2.9.RELEASE.jar;C:\Users\5577\.m2\repository\org\springframework\spring-test\5.2.9.RELEASE\spring-test-5.2.9.RELEASE.jar;C:\Users\5577\.m2\repository\org\xmlunit\xmlunit-core\2.7.0\xmlunit-core-2.7.0.jar;"/>
    <property name="sun.cpu.endian" value="little"/>
    <property name="user.home" value="C:\Users\5577"/>
    <property name="user.language" value="en"/>
    <property name="java.specification.vendor" value="Oracle Corporation"/>
    <property name="java.version.date" value="2020-07-14"/>
    <property name="java.home" value="C:\Program Files\openjdk14"/>
    <property name="file.separator" value="\"/>
    <property name="style.color" value="always"/>
    <property name="basedir" value="C:\Users\5577\git\moviebooking-webapp\Moviebooking-WebApp"/>
    <property name="java.vm.compressedOopsMode" value="32-bit"/>
    <property name="line.separator" value="&#10;"/>
    <property name="java.vm.specification.vendor" value="Oracle Corporation"/>
    <property name="java.specification.name" value="Java Platform API Specification"/>
    <property name="surefire.real.class.path" value="C:\Users\5577\AppData\Local\Temp\surefire8025171924139959478\surefirebooter14464153746372053801.jar"/>
    <property name="user.script" value=""/>
    <property name="sun.management.compiler" value="HotSpot 64-Bit Tiered Compilers"/>
    <property name="java.runtime.version" value="14.0.2+12-46"/>
    <property name="user.name" value="5577"/>
    <property name="path.separator" value=";"/>
    <property name="os.version" value="10.0"/>
    <property name="java.runtime.name" value="OpenJDK Runtime Environment"/>
    <property name="file.encoding" value="Cp1252"/>
    <property name="java.vm.name" value="OpenJDK 64-Bit Server VM"/>
    <property name="localRepository" value="C:\Users\5577\.m2\repository"/>
    <property name="java.vendor.url.bug" value="https://bugreport.java.com/bugreport/"/>
    <property name="java.io.tmpdir" value="C:\Users\5577\AppData\Local\Temp\"/>
    <property name="java.version" value="14.0.2"/>
    <property name="user.dir" value="C:\Users\5577\git\moviebooking-webapp\Moviebooking-WebApp"/>
    <property name="os.arch" value="amd64"/>
    <property name="java.vm.specification.name" value="Java Virtual Machine Specification"/>
    <property name="sun.os.patch.level" value=""/>
    <property name="java.library.path" value="C:\Program Files\openjdk14\bin;C:\WINDOWS\Sun\Java\bin;C:\WINDOWS\system32;C:\WINDOWS;C:/Program Files/Java/jre1.8.0_271/bin/server;C:/Program Files/Java/jre1.8.0_271/bin;C:/Program Files/Java/jre1.8.0_271/lib/amd64;C:\Program Files\Common Files\Oracle\Java\javapath;C:\Program Files (x86)\Common Files\Oracle\Java\javapath;C:\ProgramData\Oracle\Java\javapath;C:\Program Files (x86)\Intel\iCLS Client\;C:\Program Files\Intel\iCLS Client\;F:\app\5577\product\11.2.0\dbhome_1\bin;C:\WINDOWS\system32;C:\WINDOWS;C:\WINDOWS\System32\Wbem;C:\WINDOWS\System32\WindowsPowerShell\v1.0\;C:\Program Files (x86)\Intel\Intel(R) Management Engine Components\DAL;C:\Program Files\Intel\Intel(R) Management Engine Components\DAL;C:\Program Files (x86)\Intel\Intel(R) Management Engine Components\IPT;C:\Program Files\Intel\Intel(R) Management Engine Components\IPT;C:\Program Files (x86)\MySQL\MySQL Server 5.1\bin;C:\Program Files\MySQL\MySQL Utilities 1.6\;C:\WINDOWS\System32\OpenSSH\;C:\Program Files\nodejs\;C:\Program Files (x86)\mingw-w64\i686-8.1.0-posix-dwarf-rt_v6-rev0\mingw32\bin;C:\Users\5577\AppData\Roaming\npm;C:\Program Files\Git\bin\git.exe;C:\Program Files\Git\cmd;C:\Program Files\Intel\WiFi\bin\;C:\Program Files\Common Files\Intel\WirelessCommon\;C:\Program Files (x86)\mingw-w64\i686-8.1.0-posix-dwarf-rt_v6-rev0\mingw32\bin;C:\Program Files\Amazon\AWSCLIV2\;C:\Program Files\Docker\Docker\resources\bin;C:\ProgramData\DockerDesktop\version-bin;C:\Program Files\openjdk14\bin;C:\Program Files\Java\jdk-15\bin;F:\python\Scripts\;F:\python\;F:\Scripts\;F:\;C:\Program Files (x86)\Java\jre1.8.0_161\bin;C:\Users\5577\AppData\Local\Microsoft\WindowsApps;C:\Users\5577\AppData\Roaming\npm;C:\Program Files (x86)\Graphviz2.38\bin;C:\Program Files\JetBrains\PyCharm Community Edition 2019.1.1\bin;;C:\Users\5577\AppData\Local\Programs\Microsoft VS Code\bin;F:\Intellij\IntelliJ IDEA Community Edition 2020.1\bin;;C:\Program Files (x86)\mingw-w64\i686-8.1.0-posix-dwarf-rt_v6-rev0\mingw32\bin;;F:\spring-tool-suite-4-4.6.1.RELEASE-e4.15.0-win32.win32.x86_64.self-extracting\contents\sts-4.6.1.RELEASE;;."/>
    <property name="java.vm.info" value="mixed mode, sharing"/>
    <property name="java.vendor" value="Oracle Corporation"/>
    <property name="java.vm.version" value="14.0.2+12-46"/>
    <property name="sun.io.unicode.encoding" value="UnicodeLittle"/>
    <property name="java.class.version" value="58.0"/>
  </properties>
  <testcase name="contextLoads" classname="com.moviebookingwebapp.MoviebookingWebAppApplicationTests" time="1.605"/>
</testsuite>